> Executing step 0
>> Running router on C:\Users\lendl\Documents\smart_traffic\sumo\4-3-test-demand-vianetedit.rou.xml
>>> Begin time: 2023-03-30 00:06:15.044432
>>> End time: 2023-03-30 00:06:17.725217
>>> Duration: 0:00:02.680785
<<
>> Running simulation
>>> Begin time: 2023-03-30 00:06:17.727210
>>> End time: 2023-03-30 00:20:38.136254
>>> Duration: 0:14:20.409044
<<
< Step 0 ended (duration: 0:14:23.093807)
------------------

> Executing step 1
>> Running router on 000/4-3-test-demand-vianetedit_000.rou.alt.xml
>>> Begin time: 2023-03-30 00:20:38.141237
>>> End time: 2023-03-30 00:20:43.915607
>>> Duration: 0:00:05.774370
<<
>> Running simulation
>>> Begin time: 2023-03-30 00:20:43.918597
>>> End time: 2023-03-30 00:35:57.803950
>>> Duration: 0:15:13.885353
<<
< Step 1 ended (duration: 0:15:19.665702)
------------------

> Executing step 2
>> Running router on 001/4-3-test-demand-vianetedit_001.rou.alt.xml
>>> Begin time: 2023-03-30 00:35:57.808933
>>> End time: 2023-03-30 00:36:03.965131
>>> Duration: 0:00:06.156198
<<
>> Running simulation
>>> Begin time: 2023-03-30 00:36:03.968121
>>> End time: 2023-03-30 00:54:10.916093
>>> Duration: 0:18:06.947972
<<
< Step 2 ended (duration: 0:18:13.109152)
------------------

> Executing step 3
>> Running router on 002/4-3-test-demand-vianetedit_002.rou.alt.xml
>>> Begin time: 2023-03-30 00:54:10.921075
>>> End time: 2023-03-30 00:54:16.923924
>>> Duration: 0:00:06.002849
<<
>> Running simulation
>>> Begin time: 2023-03-30 00:54:16.925916
