Loading net-file from 'C:\Users\lendl\Documents\smart_traffic\sumo\25-3-lendl-ver.net.xml' ... done (11ms).
Loading additional-files from 'C:\Users\lendl\Documents\smart_traffic\sumo\micro\000\../edgedata.add.xml' ... done (1ms).
Loading done.
Simulation started with time: 0.00.
Warning: Vehicle 'f_2_0_CAR.4' performs emergency braking on lane '1078018164_0' with decel=9.00, wished=4.50, severity=1.00, time=260.00.
Warning: Vehicle 'f_10_0_CAR.9' performs emergency braking on lane ':J2_2_0' with decel=9.00, wished=4.50, severity=1.00, time=509.75.
Warning: Vehicle 'f_5_0_CAR.9' performs emergency braking on lane '1076383725.80_0' with decel=9.00, wished=4.50, severity=1.00, time=526.00.
Warning: Vehicle 'f_1_1_CAR.12' performs emergency braking on lane ':J7_2_0' with decel=9.00, wished=4.50, severity=1.00, time=3708.25.
Warning: Vehicle 'f_5_2_TAXI.15' performs emergency braking on lane '1076383725.80_0' with decel=9.00, wished=4.50, severity=1.00, time=9920.00.
Warning: Vehicle 'f_10_5_CAR.65' performs emergency braking on lane ':J2_2_0' with decel=9.00, wished=4.50, severity=1.00, time=21446.25.
Warning: Vehicle 'f_2_6_CAR.106' performs emergency braking on lane '1078018164_0' with decel=9.00, wished=4.50, severity=1.00, time=24130.00.
Warning: Vehicle 'f_2_6_CAR.119' performs emergency braking on lane '1078018164_0' with decel=9.00, wished=4.50, severity=1.00, time=24438.00.
Warning: Vehicle 'f_2_6_CAR.132' performs emergency braking on lane '1078018164_0' with decel=9.00, wished=4.50, severity=1.00, time=24746.00.
Warning: Vehicle 'f_2_6_CAR.145' performs emergency braking on lane '1078018164_0' with decel=9.00, wished=4.50, severity=1.00, time=25054.00.
Warning: Vehicle 'f_2_10_CAR.117' performs emergency braking on lane '1078018164_0' with decel=9.00, wished=4.50, severity=1.00, time=39530.00.
Warning: Vehicle 'f_10_11_CAR.9' performs emergency braking on lane ':J2_2_0' with decel=9.00, wished=4.50, severity=1.00, time=40734.25.
Warning: Vehicle 'f_2_11_CAR.124' performs emergency braking on lane '1078018164_0' with decel=9.00, wished=4.50, severity=1.00, time=41994.00.
Warning: Vehicle 'f_2_11_CAR.132' performs emergency braking on lane '1078018164_0' with decel=9.00, wished=4.50, severity=1.00, time=42148.00.
Warning: Vehicle 'f_2_12_CAR.67' performs emergency braking on lane '1078018164_0' with decel=9.00, wished=4.50, severity=1.00, time=44766.00.
Simulation ended at time: 50400.25
Performance: 
 Duration: 911.48s
 Real time factor: 55.295
 UPS: 73951.657743
Vehicles: 
 Inserted: 120831 (Loaded: 125347)
 Running: 511
 Waiting: 4516

