-------------------------------------------------------------------------------
['C:\\Program Files (x86)\\Eclipse\\Sumo\\bin\\duarouter', '-c', '000/iteration_000_4-3-test-demand-vianetedit.duarcfg']
Success.
-------------------------------------------------------------------------------
['C:\\Program Files (x86)\\Eclipse\\Sumo\\bin\\sumo', '-c', '000/iteration_000.sumocfg']
Loading net-file from 'C:\Users\lendl\Documents\smart_traffic\sumo\25-3-lendl-ver.net.xml' ... done (10ms).
Warning: Network contains internal links which are ignored. Vehicles will 'jump' across junctions and thus underestimate route lengths and travel times.
Loading additional-files from '000/../edgedata.add.xml' ... done (1ms).
Loading done.
Simulation version 1.15.0 started with time: 0.00.
Simulation ended at time: 50448.46
Reason: All vehicles have left the simulation.
Performance: 
 Duration: 66.50s
 Real time factor: 758.681
 UPS: 4061564.358222
Vehicles: 
 Inserted: 125347
 Running: 0
 Waiting: 0

-------------------------------------------------------------------------------
['C:\\Program Files (x86)\\Eclipse\\Sumo\\bin\\duarouter', '-c', '001/iteration_001_4-3-test-demand-vianetedit_000.duarcfg']
Success.
-------------------------------------------------------------------------------
['C:\\Program Files (x86)\\Eclipse\\Sumo\\bin\\sumo', '-c', '001/iteration_001.sumocfg']
Loading net-file from 'C:\Users\lendl\Documents\smart_traffic\sumo\25-3-lendl-ver.net.xml' ... done (11ms).
Warning: Network contains internal links which are ignored. Vehicles will 'jump' across junctions and thus underestimate route lengths and travel times.
Loading additional-files from '001/../edgedata.add.xml' ... done (0ms).
Loading done.
Simulation version 1.15.0 started with time: 0.00.
Simulation ended at time: 50448.46
Reason: All vehicles have left the simulation.
Performance: 
 Duration: 64.78s
 Real time factor: 778.766
 UPS: 4169091.108367
Vehicles: 
 Inserted: 125347
 Running: 0
 Waiting: 0

-------------------------------------------------------------------------------
['C:\\Program Files (x86)\\Eclipse\\Sumo\\bin\\duarouter', '-c', '002/iteration_002_4-3-test-demand-vianetedit_001.duarcfg']
Success.
-------------------------------------------------------------------------------
['C:\\Program Files (x86)\\Eclipse\\Sumo\\bin\\sumo', '-c', '002/iteration_002.sumocfg']
Loading net-file from 'C:\Users\lendl\Documents\smart_traffic\sumo\25-3-lendl-ver.net.xml' ... done (10ms).
Warning: Network contains internal links which are ignored. Vehicles will 'jump' across junctions and thus underestimate route lengths and travel times.
Loading additional-files from '002/../edgedata.add.xml' ... done (1ms).
Loading done.
Simulation version 1.15.0 started with time: 0.00.
Simulation ended at time: 50448.46
Reason: All vehicles have left the simulation.
Performance: 
 Duration: 63.37s
 Real time factor: 796.106
 UPS: 4261921.791412
Vehicles: 
 Inserted: 125347
 Running: 0
 Waiting: 0

-------------------------------------------------------------------------------
['C:\\Program Files (x86)\\Eclipse\\Sumo\\bin\\duarouter', '-c', '003/iteration_003_4-3-test-demand-vianetedit_002.duarcfg']
Success.
-------------------------------------------------------------------------------
['C:\\Program Files (x86)\\Eclipse\\Sumo\\bin\\sumo', '-c', '003/iteration_003.sumocfg']
Loading net-file from 'C:\Users\lendl\Documents\smart_traffic\sumo\25-3-lendl-ver.net.xml' ... done (10ms).
Warning: Network contains internal links which are ignored. Vehicles will 'jump' across junctions and thus underestimate route lengths and travel times.
Loading additional-files from '003/../edgedata.add.xml' ... done (0ms).
Loading done.
Simulation version 1.15.0 started with time: 0.00.
Simulation ended at time: 50448.46
Reason: All vehicles have left the simulation.
Performance: 
 Duration: 62.93s
 Real time factor: 801.622
 UPS: 4291448.397502
Vehicles: 
 Inserted: 125347
 Running: 0
 Waiting: 0

-------------------------------------------------------------------------------
['C:\\Program Files (x86)\\Eclipse\\Sumo\\bin\\duarouter', '-c', '004/iteration_004_4-3-test-demand-vianetedit_003.duarcfg']
Success.
-------------------------------------------------------------------------------
['C:\\Program Files (x86)\\Eclipse\\Sumo\\bin\\sumo', '-c', '004/iteration_004.sumocfg']
Loading net-file from 'C:\Users\lendl\Documents\smart_traffic\sumo\25-3-lendl-ver.net.xml' ... done (10ms).
Warning: Network contains internal links which are ignored. Vehicles will 'jump' across junctions and thus underestimate route lengths and travel times.
Loading additional-files from '004/../edgedata.add.xml' ... done (0ms).
Loading done.
Simulation version 1.15.0 started with time: 0.00.
Simulation ended at time: 50448.46
Reason: All vehicles have left the simulation.
Performance: 
 Duration: 63.94s
 Real time factor: 788.997
 UPS: 4223861.776666
Vehicles: 
 Inserted: 125347
 Running: 0
 Waiting: 0

-------------------------------------------------------------------------------
['C:\\Program Files (x86)\\Eclipse\\Sumo\\bin\\duarouter', '-c', '005/iteration_005_4-3-test-demand-vianetedit_004.duarcfg']
Success.
-------------------------------------------------------------------------------
['C:\\Program Files (x86)\\Eclipse\\Sumo\\bin\\sumo', '-c', '005/iteration_005.sumocfg']
Loading net-file from 'C:\Users\lendl\Documents\smart_traffic\sumo\25-3-lendl-ver.net.xml' ... done (10ms).
Warning: Network contains internal links which are ignored. Vehicles will 'jump' across junctions and thus underestimate route lengths and travel times.
Loading additional-files from '005/../edgedata.add.xml' ... done (1ms).
Loading done.
Simulation version 1.15.0 started with time: 0.00.
Simulation ended at time: 50448.46
Reason: All vehicles have left the simulation.
Performance: 
 Duration: 64.01s
 Real time factor: 788.159
 UPS: 4219374.484439
Vehicles: 
 Inserted: 125347
 Running: 0
 Waiting: 0

-------------------------------------------------------------------------------
['C:\\Program Files (x86)\\Eclipse\\Sumo\\bin\\duarouter', '-c', '006/iteration_006_4-3-test-demand-vianetedit_005.duarcfg']
Success.
-------------------------------------------------------------------------------
['C:\\Program Files (x86)\\Eclipse\\Sumo\\bin\\sumo', '-c', '006/iteration_006.sumocfg']
Loading net-file from 'C:\Users\lendl\Documents\smart_traffic\sumo\25-3-lendl-ver.net.xml' ... done (10ms).
Warning: Network contains internal links which are ignored. Vehicles will 'jump' across junctions and thus underestimate route lengths and travel times.
Loading additional-files from '006/../edgedata.add.xml' ... done (0ms).
Loading done.
Simulation version 1.15.0 started with time: 0.00.
Simulation ended at time: 50448.46
Reason: All vehicles have left the simulation.
Performance: 
 Duration: 64.15s
 Real time factor: 786.414
 UPS: 4210034.637568
Vehicles: 
 Inserted: 125347
 Running: 0
 Waiting: 0

-------------------------------------------------------------------------------
['C:\\Program Files (x86)\\Eclipse\\Sumo\\bin\\duarouter', '-c', '007/iteration_007_4-3-test-demand-vianetedit_006.duarcfg']
Success.
-------------------------------------------------------------------------------
['C:\\Program Files (x86)\\Eclipse\\Sumo\\bin\\sumo', '-c', '007/iteration_007.sumocfg']
Loading net-file from 'C:\Users\lendl\Documents\smart_traffic\sumo\25-3-lendl-ver.net.xml' ... done (10ms).
Warning: Network contains internal links which are ignored. Vehicles will 'jump' across junctions and thus underestimate route lengths and travel times.
Loading additional-files from '007/../edgedata.add.xml' ... done (0ms).
Loading done.
Simulation version 1.15.0 started with time: 0.00.
Simulation ended at time: 50448.46
Reason: All vehicles have left the simulation.
Performance: 
 Duration: 66.98s
 Real time factor: 753.198
 UPS: 4032214.903179
Vehicles: 
 Inserted: 125347
 Running: 0
 Waiting: 0

-------------------------------------------------------------------------------
['C:\\Program Files (x86)\\Eclipse\\Sumo\\bin\\duarouter', '-c', '008/iteration_008_4-3-test-demand-vianetedit_007.duarcfg']
Success.
-------------------------------------------------------------------------------
['C:\\Program Files (x86)\\Eclipse\\Sumo\\bin\\sumo', '-c', '008/iteration_008.sumocfg']
Loading net-file from 'C:\Users\lendl\Documents\smart_traffic\sumo\25-3-lendl-ver.net.xml' ... done (10ms).
Warning: Network contains internal links which are ignored. Vehicles will 'jump' across junctions and thus underestimate route lengths and travel times.
Loading additional-files from '008/../edgedata.add.xml' ... done (1ms).
Loading done.
Simulation version 1.15.0 started with time: 0.00.
Simulation ended at time: 50448.46
Reason: All vehicles have left the simulation.
Performance: 
 Duration: 68.76s
 Real time factor: 733.678
 UPS: 3927716.612615
Vehicles: 
 Inserted: 125347
 Running: 0
 Waiting: 0

-------------------------------------------------------------------------------
['C:\\Program Files (x86)\\Eclipse\\Sumo\\bin\\duarouter', '-c', '009/iteration_009_4-3-test-demand-vianetedit_008.duarcfg']
Success.
-------------------------------------------------------------------------------
['C:\\Program Files (x86)\\Eclipse\\Sumo\\bin\\sumo', '-c', '009/iteration_009.sumocfg']
Loading net-file from 'C:\Users\lendl\Documents\smart_traffic\sumo\25-3-lendl-ver.net.xml' ... done (11ms).
Warning: Network contains internal links which are ignored. Vehicles will 'jump' across junctions and thus underestimate route lengths and travel times.
Loading additional-files from '009/../edgedata.add.xml' ... done (1ms).
Loading done.
Simulation version 1.15.0 started with time: 0.00.
Simulation ended at time: 50448.46
Reason: All vehicles have left the simulation.
Performance: 
 Duration: 63.94s
 Real time factor: 789.034
 UPS: 4224059.965278
Vehicles: 
 Inserted: 125347
 Running: 0
 Waiting: 0

-------------------------------------------------------------------------------
['C:\\Program Files (x86)\\Eclipse\\Sumo\\bin\\duarouter', '-c', '010/iteration_010_4-3-test-demand-vianetedit_009.duarcfg']
Success.
-------------------------------------------------------------------------------
['C:\\Program Files (x86)\\Eclipse\\Sumo\\bin\\sumo', '-c', '010/iteration_010.sumocfg']
Loading net-file from 'C:\Users\lendl\Documents\smart_traffic\sumo\25-3-lendl-ver.net.xml' ... done (10ms).
Warning: Network contains internal links which are ignored. Vehicles will 'jump' across junctions and thus underestimate route lengths and travel times.
Loading additional-files from '010/../edgedata.add.xml' ... done (0ms).
Loading done.
Simulation version 1.15.0 started with time: 0.00.
Simulation ended at time: 50448.46
Reason: All vehicles have left the simulation.
Performance: 
 Duration: 64.86s
 Real time factor: 777.805
 UPS: 4163948.843663
Vehicles: 
 Inserted: 125347
 Running: 0
 Waiting: 0

-------------------------------------------------------------------------------
['C:\\Program Files (x86)\\Eclipse\\Sumo\\bin\\duarouter', '-c', '011/iteration_011_4-3-test-demand-vianetedit_010.duarcfg']
Success.
-------------------------------------------------------------------------------
['C:\\Program Files (x86)\\Eclipse\\Sumo\\bin\\sumo', '-c', '011/iteration_011.sumocfg']
Loading net-file from 'C:\Users\lendl\Documents\smart_traffic\sumo\25-3-lendl-ver.net.xml' ... done (10ms).
Warning: Network contains internal links which are ignored. Vehicles will 'jump' across junctions and thus underestimate route lengths and travel times.
Loading additional-files from '011/../edgedata.add.xml' ... done (1ms).
Loading done.
Simulation version 1.15.0 started with time: 0.00.
Simulation ended at time: 50448.46
Reason: All vehicles have left the simulation.
Performance: 
 Duration: 67.18s
 Real time factor: 750.967
 UPS: 4020270.356367
Vehicles: 
 Inserted: 125347
 Running: 0
 Waiting: 0

-------------------------------------------------------------------------------
['C:\\Program Files (x86)\\Eclipse\\Sumo\\bin\\duarouter', '-c', '012/iteration_012_4-3-test-demand-vianetedit_011.duarcfg']
Success.
-------------------------------------------------------------------------------
['C:\\Program Files (x86)\\Eclipse\\Sumo\\bin\\sumo', '-c', '012/iteration_012.sumocfg']
Loading net-file from 'C:\Users\lendl\Documents\smart_traffic\sumo\25-3-lendl-ver.net.xml' ... done (11ms).
Warning: Network contains internal links which are ignored. Vehicles will 'jump' across junctions and thus underestimate route lengths and travel times.
Loading additional-files from '012/../edgedata.add.xml' ... done (1ms).
Loading done.
Simulation version 1.15.0 started with time: 0.00.
Simulation ended at time: 50448.46
Reason: All vehicles have left the simulation.
Performance: 
 Duration: 68.38s
 Real time factor: 737.777
 UPS: 3949658.842627
Vehicles: 
 Inserted: 125347
 Running: 0
 Waiting: 0

-------------------------------------------------------------------------------
['C:\\Program Files (x86)\\Eclipse\\Sumo\\bin\\duarouter', '-c', '013/iteration_013_4-3-test-demand-vianetedit_012.duarcfg']
Success.
-------------------------------------------------------------------------------
['C:\\Program Files (x86)\\Eclipse\\Sumo\\bin\\sumo', '-c', '013/iteration_013.sumocfg']
Loading net-file from 'C:\Users\lendl\Documents\smart_traffic\sumo\25-3-lendl-ver.net.xml' ... done (12ms).
Warning: Network contains internal links which are ignored. Vehicles will 'jump' across junctions and thus underestimate route lengths and travel times.
Loading additional-files from '013/../edgedata.add.xml' ... done (1ms).
Loading done.
Simulation version 1.15.0 started with time: 0.00.
Simulation ended at time: 50448.46
Reason: All vehicles have left the simulation.
Performance: 
 Duration: 71.06s
 Real time factor: 709.942
 UPS: 3800643.428089
Vehicles: 
 Inserted: 125347
 Running: 0
 Waiting: 0

-------------------------------------------------------------------------------
['C:\\Program Files (x86)\\Eclipse\\Sumo\\bin\\duarouter', '-c', '014/iteration_014_4-3-test-demand-vianetedit_013.duarcfg']
Success.
-------------------------------------------------------------------------------
['C:\\Program Files (x86)\\Eclipse\\Sumo\\bin\\sumo', '-c', '014/iteration_014.sumocfg']
Loading net-file from 'C:\Users\lendl\Documents\smart_traffic\sumo\25-3-lendl-ver.net.xml' ... done (11ms).
Warning: Network contains internal links which are ignored. Vehicles will 'jump' across junctions and thus underestimate route lengths and travel times.
Loading additional-files from '014/../edgedata.add.xml' ... done (0ms).
Loading done.
Simulation version 1.15.0 started with time: 0.00.
Simulation ended at time: 50448.46
Reason: All vehicles have left the simulation.
Performance: 
 Duration: 70.42s
 Real time factor: 716.414
 UPS: 3835293.845324
Vehicles: 
 Inserted: 125347
 Running: 0
 Waiting: 0

-------------------------------------------------------------------------------
['C:\\Program Files (x86)\\Eclipse\\Sumo\\bin\\duarouter', '-c', '015/iteration_015_4-3-test-demand-vianetedit_014.duarcfg']
Success.
-------------------------------------------------------------------------------
['C:\\Program Files (x86)\\Eclipse\\Sumo\\bin\\sumo', '-c', '015/iteration_015.sumocfg']
Loading net-file from 'C:\Users\lendl\Documents\smart_traffic\sumo\25-3-lendl-ver.net.xml' ... done (12ms).
Warning: Network contains internal links which are ignored. Vehicles will 'jump' across junctions and thus underestimate route lengths and travel times.
Loading additional-files from '015/../edgedata.add.xml' ... done (1ms).
Loading done.
Simulation version 1.15.0 started with time: 0.00.
Simulation ended at time: 50448.46
Reason: All vehicles have left the simulation.
Performance: 
 Duration: 70.57s
 Real time factor: 714.871
 UPS: 3827033.045203
Vehicles: 
 Inserted: 125347
 Running: 0
 Waiting: 0

-------------------------------------------------------------------------------
['C:\\Program Files (x86)\\Eclipse\\Sumo\\bin\\duarouter', '-c', '016/iteration_016_4-3-test-demand-vianetedit_015.duarcfg']
Success.
-------------------------------------------------------------------------------
['C:\\Program Files (x86)\\Eclipse\\Sumo\\bin\\sumo', '-c', '016/iteration_016.sumocfg']
Loading net-file from 'C:\Users\lendl\Documents\smart_traffic\sumo\25-3-lendl-ver.net.xml' ... done (12ms).
Warning: Network contains internal links which are ignored. Vehicles will 'jump' across junctions and thus underestimate route lengths and travel times.
Loading additional-files from '016/../edgedata.add.xml' ... done (0ms).
Loading done.
Simulation version 1.15.0 started with time: 0.00.
Simulation ended at time: 50448.46
Reason: All vehicles have left the simulation.
Performance: 
 Duration: 70.01s
 Real time factor: 720.589
 UPS: 3857644.936438
Vehicles: 
 Inserted: 125347
 Running: 0
 Waiting: 0

-------------------------------------------------------------------------------
['C:\\Program Files (x86)\\Eclipse\\Sumo\\bin\\duarouter', '-c', '017/iteration_017_4-3-test-demand-vianetedit_016.duarcfg']
Success.
-------------------------------------------------------------------------------
['C:\\Program Files (x86)\\Eclipse\\Sumo\\bin\\sumo', '-c', '017/iteration_017.sumocfg']
Loading net-file from 'C:\Users\lendl\Documents\smart_traffic\sumo\25-3-lendl-ver.net.xml' ... done (11ms).
Warning: Network contains internal links which are ignored. Vehicles will 'jump' across junctions and thus underestimate route lengths and travel times.
Loading additional-files from '017/../edgedata.add.xml' ... done (1ms).
Loading done.
Simulation version 1.15.0 started with time: 0.00.
Simulation ended at time: 50448.46
Reason: All vehicles have left the simulation.
Performance: 
 Duration: 70.50s
 Real time factor: 715.622
 UPS: 3831050.300726
Vehicles: 
 Inserted: 125347
 Running: 0
 Waiting: 0

-------------------------------------------------------------------------------
['C:\\Program Files (x86)\\Eclipse\\Sumo\\bin\\duarouter', '-c', '018/iteration_018_4-3-test-demand-vianetedit_017.duarcfg']
Success.
-------------------------------------------------------------------------------
['C:\\Program Files (x86)\\Eclipse\\Sumo\\bin\\sumo', '-c', '018/iteration_018.sumocfg']
Loading net-file from 'C:\Users\lendl\Documents\smart_traffic\sumo\25-3-lendl-ver.net.xml' ... done (11ms).
Warning: Network contains internal links which are ignored. Vehicles will 'jump' across junctions and thus underestimate route lengths and travel times.
Loading additional-files from '018/../edgedata.add.xml' ... done (0ms).
Loading done.
Simulation version 1.15.0 started with time: 0.00.
Simulation ended at time: 50448.46
Reason: All vehicles have left the simulation.
Performance: 
 Duration: 70.74s
 Real time factor: 713.113
 UPS: 3817620.179803
Vehicles: 
 Inserted: 125347
 Running: 0
 Waiting: 0

-------------------------------------------------------------------------------
['C:\\Program Files (x86)\\Eclipse\\Sumo\\bin\\duarouter', '-c', '019/iteration_019_4-3-test-demand-vianetedit_018.duarcfg']
Success.
-------------------------------------------------------------------------------
['C:\\Program Files (x86)\\Eclipse\\Sumo\\bin\\sumo', '-c', '019/iteration_019.sumocfg']
Loading net-file from 'C:\Users\lendl\Documents\smart_traffic\sumo\25-3-lendl-ver.net.xml' ... done (16ms).
Warning: Network contains internal links which are ignored. Vehicles will 'jump' across junctions and thus underestimate route lengths and travel times.
Loading additional-files from '019/../edgedata.add.xml' ... done (1ms).
Loading done.
Simulation version 1.15.0 started with time: 0.00.
Simulation ended at time: 50448.46
Reason: All vehicles have left the simulation.
Performance: 
 Duration: 70.91s
 Real time factor: 711.494
 UPS: 3808951.724138
Vehicles: 
 Inserted: 125347
 Running: 0
 Waiting: 0

-------------------------------------------------------------------------------
['C:\\Program Files (x86)\\Eclipse\\Sumo\\bin\\duarouter', '-c', '020/iteration_020_4-3-test-demand-vianetedit_019.duarcfg']
Success.
-------------------------------------------------------------------------------
['C:\\Program Files (x86)\\Eclipse\\Sumo\\bin\\sumo', '-c', '020/iteration_020.sumocfg']
Loading net-file from 'C:\Users\lendl\Documents\smart_traffic\sumo\25-3-lendl-ver.net.xml' ... done (15ms).
Warning: Network contains internal links which are ignored. Vehicles will 'jump' across junctions and thus underestimate route lengths and travel times.
Loading additional-files from '020/../edgedata.add.xml' ... done (1ms).
Loading done.
Simulation version 1.15.0 started with time: 0.00.
Simulation ended at time: 50448.46
Reason: All vehicles have left the simulation.
Performance: 
 Duration: 71.24s
 Real time factor: 708.198
 UPS: 3791306.548747
Vehicles: 
 Inserted: 125347
 Running: 0
 Waiting: 0

-------------------------------------------------------------------------------
['C:\\Program Files (x86)\\Eclipse\\Sumo\\bin\\duarouter', '-c', '021/iteration_021_4-3-test-demand-vianetedit_020.duarcfg']
Success.
-------------------------------------------------------------------------------
['C:\\Program Files (x86)\\Eclipse\\Sumo\\bin\\sumo', '-c', '021/iteration_021.sumocfg']
Loading net-file from 'C:\Users\lendl\Documents\smart_traffic\sumo\25-3-lendl-ver.net.xml' ... done (11ms).
Warning: Network contains internal links which are ignored. Vehicles will 'jump' across junctions and thus underestimate route lengths and travel times.
Loading additional-files from '021/../edgedata.add.xml' ... done (0ms).
Loading done.
Simulation version 1.15.0 started with time: 0.00.
Simulation ended at time: 50448.46
Reason: All vehicles have left the simulation.
Performance: 
 Duration: 70.57s
 Real time factor: 714.881
 UPS: 3827087.276283
Vehicles: 
 Inserted: 125347
 Running: 0
 Waiting: 0

-------------------------------------------------------------------------------
['C:\\Program Files (x86)\\Eclipse\\Sumo\\bin\\duarouter', '-c', '022/iteration_022_4-3-test-demand-vianetedit_021.duarcfg']
Success.
-------------------------------------------------------------------------------
['C:\\Program Files (x86)\\Eclipse\\Sumo\\bin\\sumo', '-c', '022/iteration_022.sumocfg']
Loading net-file from 'C:\Users\lendl\Documents\smart_traffic\sumo\25-3-lendl-ver.net.xml' ... done (11ms).
Warning: Network contains internal links which are ignored. Vehicles will 'jump' across junctions and thus underestimate route lengths and travel times.
Loading additional-files from '022/../edgedata.add.xml' ... done (1ms).
Loading done.
Simulation version 1.15.0 started with time: 0.00.
Simulation ended at time: 50448.46
Reason: All vehicles have left the simulation.
Performance: 
 Duration: 71.51s
 Real time factor: 705.464
 UPS: 3776673.826404
Vehicles: 
 Inserted: 125347
 Running: 0
 Waiting: 0

-------------------------------------------------------------------------------
['C:\\Program Files (x86)\\Eclipse\\Sumo\\bin\\duarouter', '-c', '023/iteration_023_4-3-test-demand-vianetedit_022.duarcfg']
Success.
-------------------------------------------------------------------------------
['C:\\Program Files (x86)\\Eclipse\\Sumo\\bin\\sumo', '-c', '023/iteration_023.sumocfg']
Loading net-file from 'C:\Users\lendl\Documents\smart_traffic\sumo\25-3-lendl-ver.net.xml' ... done (12ms).
Warning: Network contains internal links which are ignored. Vehicles will 'jump' across junctions and thus underestimate route lengths and travel times.
Loading additional-files from '023/../edgedata.add.xml' ... done (1ms).
Loading done.
Simulation version 1.15.0 started with time: 0.00.
Simulation ended at time: 50448.46
Reason: All vehicles have left the simulation.
Performance: 
 Duration: 72.05s
 Real time factor: 700.197
 UPS: 3748472.872628
Vehicles: 
 Inserted: 125347
 Running: 0
 Waiting: 0

-------------------------------------------------------------------------------
['C:\\Program Files (x86)\\Eclipse\\Sumo\\bin\\duarouter', '-c', '024/iteration_024_4-3-test-demand-vianetedit_023.duarcfg']
Success.
-------------------------------------------------------------------------------
['C:\\Program Files (x86)\\Eclipse\\Sumo\\bin\\sumo', '-c', '024/iteration_024.sumocfg']
Loading net-file from 'C:\Users\lendl\Documents\smart_traffic\sumo\25-3-lendl-ver.net.xml' ... done (11ms).
Warning: Network contains internal links which are ignored. Vehicles will 'jump' across junctions and thus underestimate route lengths and travel times.
Loading additional-files from '024/../edgedata.add.xml' ... done (1ms).
Loading done.
Simulation version 1.15.0 started with time: 0.00.
Simulation ended at time: 50448.46
Reason: All vehicles have left the simulation.
Performance: 
 Duration: 70.54s
 Real time factor: 715.216
 UPS: 3828877.764546
Vehicles: 
 Inserted: 125347
 Running: 0
 Waiting: 0

-------------------------------------------------------------------------------
['C:\\Program Files (x86)\\Eclipse\\Sumo\\bin\\duarouter', '-c', '025/iteration_025_4-3-test-demand-vianetedit_024.duarcfg']
Success.
-------------------------------------------------------------------------------
['C:\\Program Files (x86)\\Eclipse\\Sumo\\bin\\sumo', '-c', '025/iteration_025.sumocfg']
Loading net-file from 'C:\Users\lendl\Documents\smart_traffic\sumo\25-3-lendl-ver.net.xml' ... done (16ms).
Warning: Network contains internal links which are ignored. Vehicles will 'jump' across junctions and thus underestimate route lengths and travel times.
Loading additional-files from '025/../edgedata.add.xml' ... done (1ms).
Loading done.
Simulation version 1.15.0 started with time: 0.00.
Simulation ended at time: 50448.46
Reason: All vehicles have left the simulation.
Performance: 
 Duration: 70.86s
 Real time factor: 711.986
 UPS: 3811585.779609
Vehicles: 
 Inserted: 125347
 Running: 0
 Waiting: 0

-------------------------------------------------------------------------------
['C:\\Program Files (x86)\\Eclipse\\Sumo\\bin\\duarouter', '-c', '026/iteration_026_4-3-test-demand-vianetedit_025.duarcfg']
Success.
-------------------------------------------------------------------------------
['C:\\Program Files (x86)\\Eclipse\\Sumo\\bin\\sumo', '-c', '026/iteration_026.sumocfg']
Loading net-file from 'C:\Users\lendl\Documents\smart_traffic\sumo\25-3-lendl-ver.net.xml' ... done (11ms).
Warning: Network contains internal links which are ignored. Vehicles will 'jump' across junctions and thus underestimate route lengths and travel times.
Loading additional-files from '026/../edgedata.add.xml' ... done (0ms).
Loading done.
Simulation version 1.15.0 started with time: 0.00.
Simulation ended at time: 50448.46
Reason: All vehicles have left the simulation.
Performance: 
 Duration: 71.15s
 Real time factor: 709.014
 UPS: 3795675.825334
Vehicles: 
 Inserted: 125347
 Running: 0
 Waiting: 0

-------------------------------------------------------------------------------
['C:\\Program Files (x86)\\Eclipse\\Sumo\\bin\\duarouter', '-c', '027/iteration_027_4-3-test-demand-vianetedit_026.duarcfg']
Success.
-------------------------------------------------------------------------------
['C:\\Program Files (x86)\\Eclipse\\Sumo\\bin\\sumo', '-c', '027/iteration_027.sumocfg']
Loading net-file from 'C:\Users\lendl\Documents\smart_traffic\sumo\25-3-lendl-ver.net.xml' ... done (11ms).
Warning: Network contains internal links which are ignored. Vehicles will 'jump' across junctions and thus underestimate route lengths and travel times.
Loading additional-files from '027/../edgedata.add.xml' ... done (3ms).
Loading done.
Simulation version 1.15.0 started with time: 0.00.
Simulation ended at time: 50448.46
Reason: All vehicles have left the simulation.
Performance: 
 Duration: 71.02s
 Real time factor: 710.342
 UPS: 3802784.032667
Vehicles: 
 Inserted: 125347
 Running: 0
 Waiting: 0

-------------------------------------------------------------------------------
['C:\\Program Files (x86)\\Eclipse\\Sumo\\bin\\duarouter', '-c', '028/iteration_028_4-3-test-demand-vianetedit_027.duarcfg']
Success.
-------------------------------------------------------------------------------
['C:\\Program Files (x86)\\Eclipse\\Sumo\\bin\\sumo', '-c', '028/iteration_028.sumocfg']
Loading net-file from 'C:\Users\lendl\Documents\smart_traffic\sumo\25-3-lendl-ver.net.xml' ... done (14ms).
Warning: Network contains internal links which are ignored. Vehicles will 'jump' across junctions and thus underestimate route lengths and travel times.
Loading additional-files from '028/../edgedata.add.xml' ... done (1ms).
Loading done.
Simulation version 1.15.0 started with time: 0.00.
Simulation ended at time: 50448.46
Reason: All vehicles have left the simulation.
Performance: 
 Duration: 70.73s
 Real time factor: 713.264
 UPS: 3818429.809555
Vehicles: 
 Inserted: 125347
 Running: 0
 Waiting: 0

-------------------------------------------------------------------------------
['C:\\Program Files (x86)\\Eclipse\\Sumo\\bin\\duarouter', '-c', '029/iteration_029_4-3-test-demand-vianetedit_028.duarcfg']
Success.
-------------------------------------------------------------------------------
['C:\\Program Files (x86)\\Eclipse\\Sumo\\bin\\sumo', '-c', '029/iteration_029.sumocfg']
Loading net-file from 'C:\Users\lendl\Documents\smart_traffic\sumo\25-3-lendl-ver.net.xml' ... done (11ms).
Warning: Network contains internal links which are ignored. Vehicles will 'jump' across junctions and thus underestimate route lengths and travel times.
Loading additional-files from '029/../edgedata.add.xml' ... done (1ms).
Loading done.
Simulation version 1.15.0 started with time: 0.00.
Simulation ended at time: 50448.46
Reason: All vehicles have left the simulation.
Performance: 
 Duration: 72.26s
 Real time factor: 698.2
 UPS: 3737785.924849
Vehicles: 
 Inserted: 125347
 Running: 0
 Waiting: 0

-------------------------------------------------------------------------------
['C:\\Program Files (x86)\\Eclipse\\Sumo\\bin\\duarouter', '-c', '030/iteration_030_4-3-test-demand-vianetedit_029.duarcfg']
Success.
-------------------------------------------------------------------------------
['C:\\Program Files (x86)\\Eclipse\\Sumo\\bin\\sumo', '-c', '030/iteration_030.sumocfg']
Loading net-file from 'C:\Users\lendl\Documents\smart_traffic\sumo\25-3-lendl-ver.net.xml' ... done (11ms).
Warning: Network contains internal links which are ignored. Vehicles will 'jump' across junctions and thus underestimate route lengths and travel times.
Loading additional-files from '030/../edgedata.add.xml' ... done (1ms).
Loading done.
Simulation version 1.15.0 started with time: 0.00.
Simulation ended at time: 50448.46
Reason: All vehicles have left the simulation.
Performance: 
 Duration: 69.89s
 Real time factor: 721.858
 UPS: 3864434.329704
Vehicles: 
 Inserted: 125347
 Running: 0
 Waiting: 0

-------------------------------------------------------------------------------
['C:\\Program Files (x86)\\Eclipse\\Sumo\\bin\\duarouter', '-c', '031/iteration_031_4-3-test-demand-vianetedit_030.duarcfg']
Success.
-------------------------------------------------------------------------------
['C:\\Program Files (x86)\\Eclipse\\Sumo\\bin\\sumo', '-c', '031/iteration_031.sumocfg']
Loading net-file from 'C:\Users\lendl\Documents\smart_traffic\sumo\25-3-lendl-ver.net.xml' ... done (12ms).
Warning: Network contains internal links which are ignored. Vehicles will 'jump' across junctions and thus underestimate route lengths and travel times.
Loading additional-files from '031/../edgedata.add.xml' ... done (0ms).
Loading done.
Simulation version 1.15.0 started with time: 0.00.
Simulation ended at time: 50448.46
Reason: All vehicles have left the simulation.
Performance: 
 Duration: 68.69s
 Real time factor: 734.469
 UPS: 3931948.141570
Vehicles: 
 Inserted: 125347
 Running: 0
 Waiting: 0

-------------------------------------------------------------------------------
['C:\\Program Files (x86)\\Eclipse\\Sumo\\bin\\duarouter', '-c', '032/iteration_032_4-3-test-demand-vianetedit_031.duarcfg']
Success.
-------------------------------------------------------------------------------
['C:\\Program Files (x86)\\Eclipse\\Sumo\\bin\\sumo', '-c', '032/iteration_032.sumocfg']
Loading net-file from 'C:\Users\lendl\Documents\smart_traffic\sumo\25-3-lendl-ver.net.xml' ... done (11ms).
Warning: Network contains internal links which are ignored. Vehicles will 'jump' across junctions and thus underestimate route lengths and travel times.
Loading additional-files from '032/../edgedata.add.xml' ... done (0ms).
Loading done.
Simulation version 1.15.0 started with time: 0.00.
Simulation ended at time: 50448.46
Reason: All vehicles have left the simulation.
Performance: 
 Duration: 69.28s
 Real time factor: 728.224
 UPS: 3898517.841677
Vehicles: 
 Inserted: 125347
 Running: 0
 Waiting: 0

-------------------------------------------------------------------------------
['C:\\Program Files (x86)\\Eclipse\\Sumo\\bin\\duarouter', '-c', '033/iteration_033_4-3-test-demand-vianetedit_032.duarcfg']
Success.
-------------------------------------------------------------------------------
['C:\\Program Files (x86)\\Eclipse\\Sumo\\bin\\sumo', '-c', '033/iteration_033.sumocfg']
Loading net-file from 'C:\Users\lendl\Documents\smart_traffic\sumo\25-3-lendl-ver.net.xml' ... done (13ms).
Warning: Network contains internal links which are ignored. Vehicles will 'jump' across junctions and thus underestimate route lengths and travel times.
Loading additional-files from '033/../edgedata.add.xml' ... done (1ms).
Loading done.
Simulation version 1.15.0 started with time: 0.00.
Interrupt signal received, trying to exit gracefully.
Simulation ended at time: 4508.14
Reason: Interrupted.
Performance: 
 Duration: 6.19s
 Real time factor: 728.765
 UPS: 3927570.966699
Vehicles: 
 Inserted: 11225 (Loaded: 11493)
 Running: 123
 Waiting: 0

