***Starting server on port 54529 ***
Loading net-file from 'C:\Users\lendl\Documents\smart_traffic\sumo\25-3-lendl-ver.net.xml' ... done (10ms).
Loading additional-files from 'C:\Users\lendl\Documents\smart_traffic\sumo\micro-1\003\../edgedata.add.xml' ... done (1ms).
Loading done.
Simulation started with time: 0.00.
Warning: Vehicle 'f_2_0_CAR.57' performs emergency braking on lane '1078018164_0' with decel=9.00, wished=4.50, severity=1.00, time=3440.50.
Warning: Vehicle 'f_10_1_CAR.36' performs emergency braking on lane ':J2_2_0' with decel=9.00, wished=4.50, severity=1.00, time=5777.00.
Warning: Vehicle 'f_2_2_CAR.16' performs emergency braking on lane '1078018164_0' with decel=9.00, wished=4.50, severity=1.00, time=7764.50.
Warning: Vehicle 'f_2_2_TAXI.3' performs emergency braking on lane '1078018164_0' with decel=9.00, wished=4.50, severity=1.00, time=8422.50.
Warning: Vehicle 'f_2_2_CAR.52' performs emergency braking on lane '1078018164_0' with decel=9.00, wished=4.50, severity=1.00, time=8986.50.
Warning: Vehicle 'f_2_2_TAXI.7' performs emergency braking on lane '1078018164_0' with decel=9.00, wished=4.50, severity=1.00, time=10020.50.
Warning: Vehicle 'f_2_3_CAR.26' performs emergency braking on lane '1078018164_0' with decel=9.00, wished=4.50, severity=1.00, time=11524.50.
Warning: Vehicle 'f_2_3_CAR.92' performs emergency braking on lane '1078018164_0' with decel=9.00, wished=4.50, severity=1.00, time=13310.50.
Warning: Vehicle 'f_5_3_CAR.34' performs emergency braking on lane '1076383725.80_0' with decel=9.00, wished=4.50, severity=1.00, time=13856.50.
Warning: Vehicle 'f_2_4_CAR.51' performs emergency braking on lane '1078018164_0' with decel=9.00, wished=4.50, severity=1.00, time=16506.50.
Warning: Vehicle 'f_2_6_CAR.34' performs emergency braking on lane '1078018164_0' with decel=9.00, wished=4.50, severity=1.00, time=22428.50.
Warning: Vehicle 'f_5_6_TRUCK.0' performs emergency braking on lane '1076383725.80_0' with decel=7.00, wished=4.00, severity=1.00, time=23256.50.
Warning: Vehicle 'f_2_7_CAR.57' performs emergency braking on lane '1078018164_0' with decel=9.00, wished=4.50, severity=1.00, time=27692.50.
Warning: Vehicle 'f_2_7_CAR.70' performs emergency braking on lane '1078018164_0' with decel=9.00, wished=4.50, severity=1.00, time=28256.50.
Warning: Vehicle 'f_2_9_CAR.9' performs emergency braking on lane '1078018164_0' with decel=9.00, wished=4.50, severity=1.00, time=32768.50.
Warning: Vehicle 'f_2_11_CAR.65' performs emergency braking on lane '1078018164_0' with decel=9.00, wished=4.50, severity=1.00, time=40867.50.
Warning: Vehicle 'f_2_11_CAR.178' performs emergency braking on lane '1078018164_0' with decel=9.00, wished=4.50, severity=1.00, time=43029.50.
Warning: Vehicle 'f_2_12_CAR.8' performs emergency braking on lane '1078018164_0' with decel=9.00, wished=4.50, severity=1.00, time=43405.50.
Warning: Vehicle 'f_5_11_CAR.2' performs emergency braking on lane '1076383725.80_0' with decel=9.00, wished=4.50, severity=1.00, time=44139.50.
Warning: Vehicle 'f_5_11_CAR.2' performs emergency braking on lane ':cluster9883633497_cluster_25353129_33471551_cluster_26272655_288063291_29500569_5064338396_#2more_0_0' with decel=9.00, wished=4.50, severity=1.00, time=44141.00.
Warning: Vehicle 'f_2_12_CAR.118' performs emergency braking on lane '1078018164_0' with decel=9.00, wished=4.50, severity=1.00, time=45943.50.
Warning: Vehicle 'f_2_13_CAR.42' performs emergency braking on lane '1078018164_0' with decel=9.00, wished=4.50, severity=1.00, time=47635.50.
Simulation ended at time: 50400.00
Reason: TraCI requested termination.
Performance: 
 Duration: 6337.67s
 TraCI-Duration: 3742.89s
 Real time factor: 7.95245
 UPS: 5154.958792
Vehicles: 
 Inserted: 118883 (Loaded: 125347)
 Running: 419
 Waiting: 6451

