-------------------------------------------------------------------------------
['C:\\Program Files (x86)\\Eclipse\\Sumo\\bin\\duarouter', '-c', '000/iteration_000_4-3-test-demand-vianetedit.duarcfg']
Success.
-------------------------------------------------------------------------------
['C:\\Program Files (x86)\\Eclipse\\Sumo\\bin\\sumo', '-c', '000/iteration_000.sumocfg']
Loading net-file from 'C:\Users\lendl\Documents\smart_traffic\sumo\19-3-lendl-ver.net.xml' ... done (10ms).
Loading additional-files from '000/../edgedata.add.xml' ... done (1ms).
Loading done.
Simulation version 1.15.0 started with time: 0.00.
Simulation ended at time: 103906.00
Reason: All vehicles have left the simulation.
Performance: 
 Duration: 424.52s
 Real time factor: 244.763
 UPS: 23632.056271
Vehicles: 
 Inserted: 125347
 Running: 0
 Waiting: 0

-------------------------------------------------------------------------------
['C:\\Program Files (x86)\\Eclipse\\Sumo\\bin\\duarouter', '-c', '001/iteration_001_4-3-test-demand-vianetedit_000.duarcfg']
Success.
-------------------------------------------------------------------------------
['C:\\Program Files (x86)\\Eclipse\\Sumo\\bin\\sumo', '-c', '001/iteration_001.sumocfg']
Loading net-file from 'C:\Users\lendl\Documents\smart_traffic\sumo\19-3-lendl-ver.net.xml' ... done (11ms).
Loading additional-files from '001/../edgedata.add.xml' ... done (1ms).
Loading done.
Simulation version 1.15.0 started with time: 0.00.
Simulation ended at time: 103906.00
Reason: All vehicles have left the simulation.
Performance: 
 Duration: 459.49s
 Real time factor: 226.135
 UPS: 21833.496559
Vehicles: 
 Inserted: 125347
 Running: 0
 Waiting: 0

-------------------------------------------------------------------------------
['C:\\Program Files (x86)\\Eclipse\\Sumo\\bin\\duarouter', '-c', '002/iteration_002_4-3-test-demand-vianetedit_001.duarcfg']
Success.
-------------------------------------------------------------------------------
['C:\\Program Files (x86)\\Eclipse\\Sumo\\bin\\sumo', '-c', '002/iteration_002.sumocfg']
Loading net-file from 'C:\Users\lendl\Documents\smart_traffic\sumo\19-3-lendl-ver.net.xml' ... done (10ms).
Loading additional-files from '002/../edgedata.add.xml' ... done (1ms).
Loading done.
Simulation version 1.15.0 started with time: 0.00.
Simulation ended at time: 103906.00
Reason: All vehicles have left the simulation.
Performance: 
 Duration: 493.77s
 Real time factor: 210.434
 UPS: 20317.487256
Vehicles: 
 Inserted: 125347
 Running: 0
 Waiting: 0

-------------------------------------------------------------------------------
['C:\\Program Files (x86)\\Eclipse\\Sumo\\bin\\duarouter', '-c', '003/iteration_003_4-3-test-demand-vianetedit_002.duarcfg']
Success.
-------------------------------------------------------------------------------
['C:\\Program Files (x86)\\Eclipse\\Sumo\\bin\\sumo', '-c', '003/iteration_003.sumocfg']
Loading net-file from 'C:\Users\lendl\Documents\smart_traffic\sumo\19-3-lendl-ver.net.xml' ... done (11ms).
Loading additional-files from '003/../edgedata.add.xml' ... done (1ms).
Loading done.
Simulation version 1.15.0 started with time: 0.00.
Simulation ended at time: 103906.00
Reason: All vehicles have left the simulation.
Performance: 
 Duration: 568.01s
 Real time factor: 182.931
 UPS: 17662.112724
Vehicles: 
 Inserted: 125347
 Running: 0
 Waiting: 0

-------------------------------------------------------------------------------
['C:\\Program Files (x86)\\Eclipse\\Sumo\\bin\\duarouter', '-c', '004/iteration_004_4-3-test-demand-vianetedit_003.duarcfg']
Success.
-------------------------------------------------------------------------------
['C:\\Program Files (x86)\\Eclipse\\Sumo\\bin\\sumo', '-c', '004/iteration_004.sumocfg']
Loading net-file from 'C:\Users\lendl\Documents\smart_traffic\sumo\19-3-lendl-ver.net.xml' ... done (13ms).
Loading additional-files from '004/../edgedata.add.xml' ... done (1ms).
Loading done.
Simulation version 1.15.0 started with time: 0.00.
Simulation ended at time: 103906.00
Reason: All vehicles have left the simulation.
Performance: 
 Duration: 700.70s
 Real time factor: 148.289
 UPS: 14317.376909
Vehicles: 
 Inserted: 125347
 Running: 0
 Waiting: 0

-------------------------------------------------------------------------------
['C:\\Program Files (x86)\\Eclipse\\Sumo\\bin\\duarouter', '-c', '005/iteration_005_4-3-test-demand-vianetedit_004.duarcfg']
Success.
-------------------------------------------------------------------------------
['C:\\Program Files (x86)\\Eclipse\\Sumo\\bin\\sumo', '-c', '005/iteration_005.sumocfg']
Loading net-file from 'C:\Users\lendl\Documents\smart_traffic\sumo\19-3-lendl-ver.net.xml' ... done (14ms).
Loading additional-files from '005/../edgedata.add.xml' ... done (1ms).
Loading done.
Simulation version 1.15.0 started with time: 0.00.
Simulation ended at time: 103906.00
Reason: All vehicles have left the simulation.
Performance: 
 Duration: 697.99s
 Real time factor: 148.864
 UPS: 14372.944637
Vehicles: 
 Inserted: 125347
 Running: 0
 Waiting: 0

-------------------------------------------------------------------------------
['C:\\Program Files (x86)\\Eclipse\\Sumo\\bin\\duarouter', '-c', '006/iteration_006_4-3-test-demand-vianetedit_005.duarcfg']
Success.
-------------------------------------------------------------------------------
['C:\\Program Files (x86)\\Eclipse\\Sumo\\bin\\sumo', '-c', '006/iteration_006.sumocfg']
Loading net-file from 'C:\Users\lendl\Documents\smart_traffic\sumo\19-3-lendl-ver.net.xml' ... done (15ms).
Loading additional-files from '006/../edgedata.add.xml' ... done (1ms).
Loading done.
Simulation version 1.15.0 started with time: 0.00.
Simulation ended at time: 103906.00
Reason: All vehicles have left the simulation.
Performance: 
 Duration: 676.49s
 Real time factor: 153.597
 UPS: 14829.850137
Vehicles: 
 Inserted: 125347
 Running: 0
 Waiting: 0

-------------------------------------------------------------------------------
['C:\\Program Files (x86)\\Eclipse\\Sumo\\bin\\duarouter', '-c', '007/iteration_007_4-3-test-demand-vianetedit_006.duarcfg']
Success.
-------------------------------------------------------------------------------
['C:\\Program Files (x86)\\Eclipse\\Sumo\\bin\\sumo', '-c', '007/iteration_007.sumocfg']
Loading net-file from 'C:\Users\lendl\Documents\smart_traffic\sumo\19-3-lendl-ver.net.xml' ... done (10ms).
Loading additional-files from '007/../edgedata.add.xml' ... done (1ms).
Loading done.
Simulation version 1.15.0 started with time: 0.00.
Simulation ended at time: 103906.00
Reason: All vehicles have left the simulation.
Performance: 
 Duration: 412.41s
 Real time factor: 251.948
 UPS: 24325.758347
Vehicles: 
 Inserted: 125347
 Running: 0
 Waiting: 0

-------------------------------------------------------------------------------
['C:\\Program Files (x86)\\Eclipse\\Sumo\\bin\\duarouter', '-c', '008/iteration_008_4-3-test-demand-vianetedit_007.duarcfg']
Success.
-------------------------------------------------------------------------------
['C:\\Program Files (x86)\\Eclipse\\Sumo\\bin\\sumo', '-c', '008/iteration_008.sumocfg']
Loading net-file from 'C:\Users\lendl\Documents\smart_traffic\sumo\19-3-lendl-ver.net.xml' ... done (10ms).
Loading additional-files from '008/../edgedata.add.xml' ... done (1ms).
Loading done.
Simulation version 1.15.0 started with time: 0.00.
Simulation ended at time: 103906.00
Reason: All vehicles have left the simulation.
Performance: 
 Duration: 406.95s
 Real time factor: 255.329
 UPS: 24652.194747
Vehicles: 
 Inserted: 125347
 Running: 0
 Waiting: 0

-------------------------------------------------------------------------------
['C:\\Program Files (x86)\\Eclipse\\Sumo\\bin\\duarouter', '-c', '009/iteration_009_4-3-test-demand-vianetedit_008.duarcfg']
Success.
-------------------------------------------------------------------------------
['C:\\Program Files (x86)\\Eclipse\\Sumo\\bin\\sumo', '-c', '009/iteration_009.sumocfg']
Loading net-file from 'C:\Users\lendl\Documents\smart_traffic\sumo\19-3-lendl-ver.net.xml' ... done (10ms).
Loading additional-files from '009/../edgedata.add.xml' ... done (0ms).
Loading done.
Simulation version 1.15.0 started with time: 0.00.
Simulation ended at time: 103906.00
Reason: All vehicles have left the simulation.
Performance: 
 Duration: 410.19s
 Real time factor: 253.314
 UPS: 24457.650919
Vehicles: 
 Inserted: 125347
 Running: 0
 Waiting: 0

-------------------------------------------------------------------------------
['C:\\Program Files (x86)\\Eclipse\\Sumo\\bin\\duarouter', '-c', '010/iteration_010_4-3-test-demand-vianetedit_009.duarcfg']
Success.
-------------------------------------------------------------------------------
['C:\\Program Files (x86)\\Eclipse\\Sumo\\bin\\sumo', '-c', '010/iteration_010.sumocfg']
Loading net-file from 'C:\Users\lendl\Documents\smart_traffic\sumo\19-3-lendl-ver.net.xml' ... done (10ms).
Loading additional-files from '010/../edgedata.add.xml' ... done (1ms).
Loading done.
Simulation version 1.15.0 started with time: 0.00.
Simulation ended at time: 103906.00
Reason: All vehicles have left the simulation.
Performance: 
 Duration: 411.13s
 Real time factor: 252.732
 UPS: 24401.434093
Vehicles: 
 Inserted: 125347
 Running: 0
 Waiting: 0

-------------------------------------------------------------------------------
['C:\\Program Files (x86)\\Eclipse\\Sumo\\bin\\duarouter', '-c', '011/iteration_011_4-3-test-demand-vianetedit_010.duarcfg']
Success.
-------------------------------------------------------------------------------
['C:\\Program Files (x86)\\Eclipse\\Sumo\\bin\\sumo', '-c', '011/iteration_011.sumocfg']
Loading net-file from 'C:\Users\lendl\Documents\smart_traffic\sumo\19-3-lendl-ver.net.xml' ... done (10ms).
Loading additional-files from '011/../edgedata.add.xml' ... done (1ms).
Loading done.
Simulation version 1.15.0 started with time: 0.00.
Simulation ended at time: 103906.00
Reason: All vehicles have left the simulation.
Performance: 
 Duration: 408.52s
 Real time factor: 254.35
 UPS: 24557.632994
Vehicles: 
 Inserted: 125347
 Running: 0
 Waiting: 0

-------------------------------------------------------------------------------
['C:\\Program Files (x86)\\Eclipse\\Sumo\\bin\\duarouter', '-c', '012/iteration_012_4-3-test-demand-vianetedit_011.duarcfg']
Success.
-------------------------------------------------------------------------------
['C:\\Program Files (x86)\\Eclipse\\Sumo\\bin\\sumo', '-c', '012/iteration_012.sumocfg']
Loading net-file from 'C:\Users\lendl\Documents\smart_traffic\sumo\19-3-lendl-ver.net.xml' ... done (11ms).
Loading additional-files from '012/../edgedata.add.xml' ... done (1ms).
Loading done.
Simulation version 1.15.0 started with time: 0.00.
Simulation ended at time: 103906.00
Reason: All vehicles have left the simulation.
Performance: 
 Duration: 398.22s
 Real time factor: 260.924
 UPS: 25192.382158
Vehicles: 
 Inserted: 125347
 Running: 0
 Waiting: 0

-------------------------------------------------------------------------------
['C:\\Program Files (x86)\\Eclipse\\Sumo\\bin\\duarouter', '-c', '013/iteration_013_4-3-test-demand-vianetedit_012.duarcfg']
Success.
-------------------------------------------------------------------------------
['C:\\Program Files (x86)\\Eclipse\\Sumo\\bin\\sumo', '-c', '013/iteration_013.sumocfg']
Loading net-file from 'C:\Users\lendl\Documents\smart_traffic\sumo\19-3-lendl-ver.net.xml' ... done (11ms).
Loading additional-files from '013/../edgedata.add.xml' ... done (1ms).
Loading done.
Simulation version 1.15.0 started with time: 0.00.
Simulation ended at time: 103906.00
Reason: All vehicles have left the simulation.
Performance: 
 Duration: 407.07s
 Real time factor: 255.251
 UPS: 24644.624810
Vehicles: 
 Inserted: 125347
 Running: 0
 Waiting: 0

-------------------------------------------------------------------------------
['C:\\Program Files (x86)\\Eclipse\\Sumo\\bin\\duarouter', '-c', '014/iteration_014_4-3-test-demand-vianetedit_013.duarcfg']
Success.
-------------------------------------------------------------------------------
['C:\\Program Files (x86)\\Eclipse\\Sumo\\bin\\sumo', '-c', '014/iteration_014.sumocfg']
Loading net-file from 'C:\Users\lendl\Documents\smart_traffic\sumo\19-3-lendl-ver.net.xml' ... done (10ms).
Loading additional-files from '014/../edgedata.add.xml' ... done (0ms).
Loading done.
Simulation version 1.15.0 started with time: 0.00.
Simulation ended at time: 103906.00
Reason: All vehicles have left the simulation.
Performance: 
 Duration: 398.11s
 Real time factor: 260.999
 UPS: 25199.596091
Vehicles: 
 Inserted: 125347
 Running: 0
 Waiting: 0

-------------------------------------------------------------------------------
['C:\\Program Files (x86)\\Eclipse\\Sumo\\bin\\duarouter', '-c', '015/iteration_015_4-3-test-demand-vianetedit_014.duarcfg']
Success.
-------------------------------------------------------------------------------
['C:\\Program Files (x86)\\Eclipse\\Sumo\\bin\\sumo', '-c', '015/iteration_015.sumocfg']
Loading net-file from 'C:\Users\lendl\Documents\smart_traffic\sumo\19-3-lendl-ver.net.xml' ... done (10ms).
Loading additional-files from '015/../edgedata.add.xml' ... done (2ms).
Loading done.
Simulation version 1.15.0 started with time: 0.00.
Simulation ended at time: 103906.00
Reason: All vehicles have left the simulation.
Performance: 
 Duration: 387.61s
 Real time factor: 268.068
 UPS: 25882.165063
Vehicles: 
 Inserted: 125347
 Running: 0
 Waiting: 0

-------------------------------------------------------------------------------
['C:\\Program Files (x86)\\Eclipse\\Sumo\\bin\\duarouter', '-c', '016/iteration_016_4-3-test-demand-vianetedit_015.duarcfg']
Success.
-------------------------------------------------------------------------------
['C:\\Program Files (x86)\\Eclipse\\Sumo\\bin\\sumo', '-c', '016/iteration_016.sumocfg']
Loading net-file from 'C:\Users\lendl\Documents\smart_traffic\sumo\19-3-lendl-ver.net.xml' ... done (11ms).
Loading additional-files from '016/../edgedata.add.xml' ... done (1ms).
Loading done.
Simulation version 1.15.0 started with time: 0.00.
Simulation ended at time: 103906.00
Reason: All vehicles have left the simulation.
Performance: 
 Duration: 391.64s
 Real time factor: 265.309
 UPS: 25615.705159
Vehicles: 
 Inserted: 125347
 Running: 0
 Waiting: 0

-------------------------------------------------------------------------------
['C:\\Program Files (x86)\\Eclipse\\Sumo\\bin\\duarouter', '-c', '017/iteration_017_4-3-test-demand-vianetedit_016.duarcfg']
Success.
-------------------------------------------------------------------------------
['C:\\Program Files (x86)\\Eclipse\\Sumo\\bin\\sumo', '-c', '017/iteration_017.sumocfg']
Loading net-file from 'C:\Users\lendl\Documents\smart_traffic\sumo\19-3-lendl-ver.net.xml' ... done (10ms).
Loading additional-files from '017/../edgedata.add.xml' ... done (0ms).
Loading done.
Simulation version 1.15.0 started with time: 0.00.
Simulation ended at time: 103906.00
Reason: All vehicles have left the simulation.
Performance: 
 Duration: 384.12s
 Real time factor: 270.506
 UPS: 26117.526691
Vehicles: 
 Inserted: 125347
 Running: 0
 Waiting: 0

-------------------------------------------------------------------------------
['C:\\Program Files (x86)\\Eclipse\\Sumo\\bin\\duarouter', '-c', '018/iteration_018_4-3-test-demand-vianetedit_017.duarcfg']
Success.
-------------------------------------------------------------------------------
['C:\\Program Files (x86)\\Eclipse\\Sumo\\bin\\sumo', '-c', '018/iteration_018.sumocfg']
Loading net-file from 'C:\Users\lendl\Documents\smart_traffic\sumo\19-3-lendl-ver.net.xml' ... done (10ms).
Loading additional-files from '018/../edgedata.add.xml' ... done (1ms).
Loading done.
Simulation version 1.15.0 started with time: 0.00.
Simulation ended at time: 103906.00
Reason: All vehicles have left the simulation.
Performance: 
 Duration: 382.43s
 Real time factor: 271.7
 UPS: 26232.806612
Vehicles: 
 Inserted: 125347
 Running: 0
 Waiting: 0

-------------------------------------------------------------------------------
['C:\\Program Files (x86)\\Eclipse\\Sumo\\bin\\duarouter', '-c', '019/iteration_019_4-3-test-demand-vianetedit_018.duarcfg']
Success.
-------------------------------------------------------------------------------
['C:\\Program Files (x86)\\Eclipse\\Sumo\\bin\\sumo', '-c', '019/iteration_019.sumocfg']
Loading net-file from 'C:\Users\lendl\Documents\smart_traffic\sumo\19-3-lendl-ver.net.xml' ... done (10ms).
Loading additional-files from '019/../edgedata.add.xml' ... done (1ms).
Loading done.
Simulation version 1.15.0 started with time: 0.00.
Simulation ended at time: 103906.00
Reason: All vehicles have left the simulation.
Performance: 
 Duration: 383.34s
 Real time factor: 271.052
 UPS: 26170.191786
Vehicles: 
 Inserted: 125347
 Running: 0
 Waiting: 0

-------------------------------------------------------------------------------
['C:\\Program Files (x86)\\Eclipse\\Sumo\\bin\\duarouter', '-c', '020/iteration_020_4-3-test-demand-vianetedit_019.duarcfg']
Success.
-------------------------------------------------------------------------------
['C:\\Program Files (x86)\\Eclipse\\Sumo\\bin\\sumo', '-c', '020/iteration_020.sumocfg']
Loading net-file from 'C:\Users\lendl\Documents\smart_traffic\sumo\19-3-lendl-ver.net.xml' ... done (11ms).
Loading additional-files from '020/../edgedata.add.xml' ... done (0ms).
Loading done.
Simulation version 1.15.0 started with time: 0.00.
Simulation ended at time: 103906.00
Reason: All vehicles have left the simulation.
Performance: 
 Duration: 382.80s
 Real time factor: 271.436
 UPS: 26207.313983
Vehicles: 
 Inserted: 125347
 Running: 0
 Waiting: 0

-------------------------------------------------------------------------------
['C:\\Program Files (x86)\\Eclipse\\Sumo\\bin\\duarouter', '-c', '021/iteration_021_4-3-test-demand-vianetedit_020.duarcfg']
Success.
-------------------------------------------------------------------------------
['C:\\Program Files (x86)\\Eclipse\\Sumo\\bin\\sumo', '-c', '021/iteration_021.sumocfg']
Loading net-file from 'C:\Users\lendl\Documents\smart_traffic\sumo\19-3-lendl-ver.net.xml' ... done (10ms).
Loading additional-files from '021/../edgedata.add.xml' ... done (1ms).
Loading done.
Simulation version 1.15.0 started with time: 0.00.
Simulation ended at time: 103906.00
Reason: All vehicles have left the simulation.
Performance: 
 Duration: 382.71s
 Real time factor: 271.501
 UPS: 26213.545504
Vehicles: 
 Inserted: 125347
 Running: 0
 Waiting: 0

-------------------------------------------------------------------------------
['C:\\Program Files (x86)\\Eclipse\\Sumo\\bin\\duarouter', '-c', '022/iteration_022_4-3-test-demand-vianetedit_021.duarcfg']
Success.
-------------------------------------------------------------------------------
['C:\\Program Files (x86)\\Eclipse\\Sumo\\bin\\sumo', '-c', '022/iteration_022.sumocfg']
Loading net-file from 'C:\Users\lendl\Documents\smart_traffic\sumo\19-3-lendl-ver.net.xml' ... done (10ms).
Loading additional-files from '022/../edgedata.add.xml' ... done (1ms).
Loading done.
Simulation version 1.15.0 started with time: 0.00.
Simulation ended at time: 103906.00
Reason: All vehicles have left the simulation.
Performance: 
 Duration: 380.66s
 Real time factor: 272.964
 UPS: 26354.853963
Vehicles: 
 Inserted: 125347
 Running: 0
 Waiting: 0

-------------------------------------------------------------------------------
['C:\\Program Files (x86)\\Eclipse\\Sumo\\bin\\duarouter', '-c', '023/iteration_023_4-3-test-demand-vianetedit_022.duarcfg']
Success.
-------------------------------------------------------------------------------
['C:\\Program Files (x86)\\Eclipse\\Sumo\\bin\\sumo', '-c', '023/iteration_023.sumocfg']
Loading net-file from 'C:\Users\lendl\Documents\smart_traffic\sumo\19-3-lendl-ver.net.xml' ... done (10ms).
Loading additional-files from '023/../edgedata.add.xml' ... done (0ms).
Loading done.
Simulation version 1.15.0 started with time: 0.00.
Simulation ended at time: 103906.00
Reason: All vehicles have left the simulation.
Performance: 
 Duration: 380.76s
 Real time factor: 272.894
 UPS: 26348.070680
Vehicles: 
 Inserted: 125347
 Running: 0
 Waiting: 0

-------------------------------------------------------------------------------
['C:\\Program Files (x86)\\Eclipse\\Sumo\\bin\\duarouter', '-c', '024/iteration_024_4-3-test-demand-vianetedit_023.duarcfg']
Success.
-------------------------------------------------------------------------------
['C:\\Program Files (x86)\\Eclipse\\Sumo\\bin\\sumo', '-c', '024/iteration_024.sumocfg']
Loading net-file from 'C:\Users\lendl\Documents\smart_traffic\sumo\19-3-lendl-ver.net.xml' ... done (10ms).
Loading additional-files from '024/../edgedata.add.xml' ... done (1ms).
Loading done.
Simulation version 1.15.0 started with time: 0.00.
Simulation ended at time: 103906.00
Reason: All vehicles have left the simulation.
Performance: 
 Duration: 388.91s
 Real time factor: 267.176
 UPS: 25795.981024
Vehicles: 
 Inserted: 125347
 Running: 0
 Waiting: 0

-------------------------------------------------------------------------------
['C:\\Program Files (x86)\\Eclipse\\Sumo\\bin\\duarouter', '-c', '025/iteration_025_4-3-test-demand-vianetedit_024.duarcfg']
Success.
-------------------------------------------------------------------------------
['C:\\Program Files (x86)\\Eclipse\\Sumo\\bin\\sumo', '-c', '025/iteration_025.sumocfg']
Loading net-file from 'C:\Users\lendl\Documents\smart_traffic\sumo\19-3-lendl-ver.net.xml' ... done (10ms).
Loading additional-files from '025/../edgedata.add.xml' ... done (0ms).
Loading done.
Simulation version 1.15.0 started with time: 0.00.
Simulation ended at time: 103906.00
Reason: All vehicles have left the simulation.
Performance: 
 Duration: 380.65s
 Real time factor: 272.968
 UPS: 26355.200143
Vehicles: 
 Inserted: 125347
 Running: 0
 Waiting: 0

-------------------------------------------------------------------------------
['C:\\Program Files (x86)\\Eclipse\\Sumo\\bin\\duarouter', '-c', '026/iteration_026_4-3-test-demand-vianetedit_025.duarcfg']
Success.
-------------------------------------------------------------------------------
['C:\\Program Files (x86)\\Eclipse\\Sumo\\bin\\sumo', '-c', '026/iteration_026.sumocfg']
Loading net-file from 'C:\Users\lendl\Documents\smart_traffic\sumo\19-3-lendl-ver.net.xml' ... done (10ms).
Loading additional-files from '026/../edgedata.add.xml' ... done (0ms).
Loading done.
Simulation version 1.15.0 started with time: 0.00.
Simulation ended at time: 103906.00
Reason: All vehicles have left the simulation.
Performance: 
 Duration: 381.06s
 Real time factor: 272.679
 UPS: 26327.327217
Vehicles: 
 Inserted: 125347
 Running: 0
 Waiting: 0

-------------------------------------------------------------------------------
['C:\\Program Files (x86)\\Eclipse\\Sumo\\bin\\duarouter', '-c', '027/iteration_027_4-3-test-demand-vianetedit_026.duarcfg']
Success.
-------------------------------------------------------------------------------
['C:\\Program Files (x86)\\Eclipse\\Sumo\\bin\\sumo', '-c', '027/iteration_027.sumocfg']
Loading net-file from 'C:\Users\lendl\Documents\smart_traffic\sumo\19-3-lendl-ver.net.xml' ... done (9ms).
Loading additional-files from '027/../edgedata.add.xml' ... done (1ms).
Loading done.
Simulation version 1.15.0 started with time: 0.00.
Simulation ended at time: 103906.00
Reason: All vehicles have left the simulation.
Performance: 
 Duration: 381.84s
 Real time factor: 272.117
 UPS: 26273.065108
Vehicles: 
 Inserted: 125347
 Running: 0
 Waiting: 0

-------------------------------------------------------------------------------
['C:\\Program Files (x86)\\Eclipse\\Sumo\\bin\\duarouter', '-c', '028/iteration_028_4-3-test-demand-vianetedit_027.duarcfg']
Success.
-------------------------------------------------------------------------------
['C:\\Program Files (x86)\\Eclipse\\Sumo\\bin\\sumo', '-c', '028/iteration_028.sumocfg']
Loading net-file from 'C:\Users\lendl\Documents\smart_traffic\sumo\19-3-lendl-ver.net.xml' ... done (10ms).
Loading additional-files from '028/../edgedata.add.xml' ... done (0ms).
Loading done.
Simulation version 1.15.0 started with time: 0.00.
Simulation ended at time: 103906.00
Reason: All vehicles have left the simulation.
Performance: 
 Duration: 384.50s
 Real time factor: 270.236
 UPS: 26091.443195
Vehicles: 
 Inserted: 125347
 Running: 0
 Waiting: 0

-------------------------------------------------------------------------------
['C:\\Program Files (x86)\\Eclipse\\Sumo\\bin\\duarouter', '-c', '029/iteration_029_4-3-test-demand-vianetedit_028.duarcfg']
Success.
-------------------------------------------------------------------------------
['C:\\Program Files (x86)\\Eclipse\\Sumo\\bin\\sumo', '-c', '029/iteration_029.sumocfg']
Loading net-file from 'C:\Users\lendl\Documents\smart_traffic\sumo\19-3-lendl-ver.net.xml' ... done (10ms).
Loading additional-files from '029/../edgedata.add.xml' ... done (0ms).
Loading done.
Simulation version 1.15.0 started with time: 0.00.
Simulation ended at time: 103906.00
Reason: All vehicles have left the simulation.
Performance: 
 Duration: 384.66s
 Real time factor: 270.124
 UPS: 26080.658244
Vehicles: 
 Inserted: 125347
 Running: 0
 Waiting: 0

-------------------------------------------------------------------------------
['C:\\Program Files (x86)\\Eclipse\\Sumo\\bin\\duarouter', '-c', '030/iteration_030_4-3-test-demand-vianetedit_029.duarcfg']
Success.
-------------------------------------------------------------------------------
['C:\\Program Files (x86)\\Eclipse\\Sumo\\bin\\sumo', '-c', '030/iteration_030.sumocfg']
Loading net-file from 'C:\Users\lendl\Documents\smart_traffic\sumo\19-3-lendl-ver.net.xml' ... done (10ms).
Loading additional-files from '030/../edgedata.add.xml' ... done (1ms).
Loading done.
Simulation version 1.15.0 started with time: 0.00.
Simulation ended at time: 103906.00
Reason: All vehicles have left the simulation.
Performance: 
 Duration: 383.12s
 Real time factor: 271.211
 UPS: 26185.629493
Vehicles: 
 Inserted: 125347
 Running: 0
 Waiting: 0

-------------------------------------------------------------------------------
['C:\\Program Files (x86)\\Eclipse\\Sumo\\bin\\duarouter', '-c', '031/iteration_031_4-3-test-demand-vianetedit_030.duarcfg']
Success.
-------------------------------------------------------------------------------
['C:\\Program Files (x86)\\Eclipse\\Sumo\\bin\\sumo', '-c', '031/iteration_031.sumocfg']
Loading net-file from 'C:\Users\lendl\Documents\smart_traffic\sumo\19-3-lendl-ver.net.xml' ... done (9ms).
Loading additional-files from '031/../edgedata.add.xml' ... done (1ms).
Loading done.
Simulation version 1.15.0 started with time: 0.00.
Simulation ended at time: 103906.00
Reason: All vehicles have left the simulation.
Performance: 
 Duration: 386.10s
 Real time factor: 269.118
 UPS: 25983.455021
Vehicles: 
 Inserted: 125347
 Running: 0
 Waiting: 0

-------------------------------------------------------------------------------
['C:\\Program Files (x86)\\Eclipse\\Sumo\\bin\\duarouter', '-c', '032/iteration_032_4-3-test-demand-vianetedit_031.duarcfg']
Success.
-------------------------------------------------------------------------------
['C:\\Program Files (x86)\\Eclipse\\Sumo\\bin\\sumo', '-c', '032/iteration_032.sumocfg']
Loading net-file from 'C:\Users\lendl\Documents\smart_traffic\sumo\19-3-lendl-ver.net.xml' ... done (10ms).
Loading additional-files from '032/../edgedata.add.xml' ... done (0ms).
Loading done.
Simulation version 1.15.0 started with time: 0.00.
Simulation ended at time: 103906.00
Reason: All vehicles have left the simulation.
Performance: 
 Duration: 382.50s
 Real time factor: 271.648
 UPS: 26227.731547
Vehicles: 
 Inserted: 125347
 Running: 0
 Waiting: 0

-------------------------------------------------------------------------------
['C:\\Program Files (x86)\\Eclipse\\Sumo\\bin\\duarouter', '-c', '033/iteration_033_4-3-test-demand-vianetedit_032.duarcfg']
Success.
-------------------------------------------------------------------------------
['C:\\Program Files (x86)\\Eclipse\\Sumo\\bin\\sumo', '-c', '033/iteration_033.sumocfg']
Loading net-file from 'C:\Users\lendl\Documents\smart_traffic\sumo\19-3-lendl-ver.net.xml' ... done (10ms).
Loading additional-files from '033/../edgedata.add.xml' ... done (1ms).
Loading done.
Simulation version 1.15.0 started with time: 0.00.
Simulation ended at time: 103906.00
Reason: All vehicles have left the simulation.
Performance: 
 Duration: 387.88s
 Real time factor: 267.88
 UPS: 25863.948665
Vehicles: 
 Inserted: 125347
 Running: 0
 Waiting: 0

-------------------------------------------------------------------------------
['C:\\Program Files (x86)\\Eclipse\\Sumo\\bin\\duarouter', '-c', '034/iteration_034_4-3-test-demand-vianetedit_033.duarcfg']
Success.
-------------------------------------------------------------------------------
['C:\\Program Files (x86)\\Eclipse\\Sumo\\bin\\sumo', '-c', '034/iteration_034.sumocfg']
Loading net-file from 'C:\Users\lendl\Documents\smart_traffic\sumo\19-3-lendl-ver.net.xml' ... done (10ms).
Loading additional-files from '034/../edgedata.add.xml' ... done (1ms).
Loading done.
Simulation version 1.15.0 started with time: 0.00.
Simulation ended at time: 103906.00
Reason: All vehicles have left the simulation.
Performance: 
 Duration: 380.88s
 Real time factor: 272.809
 UPS: 26339.838530
Vehicles: 
 Inserted: 125347
 Running: 0
 Waiting: 0

-------------------------------------------------------------------------------
['C:\\Program Files (x86)\\Eclipse\\Sumo\\bin\\duarouter', '-c', '035/iteration_035_4-3-test-demand-vianetedit_034.duarcfg']
Success.
-------------------------------------------------------------------------------
['C:\\Program Files (x86)\\Eclipse\\Sumo\\bin\\sumo', '-c', '035/iteration_035.sumocfg']
Loading net-file from 'C:\Users\lendl\Documents\smart_traffic\sumo\19-3-lendl-ver.net.xml' ... done (10ms).
Loading additional-files from '035/../edgedata.add.xml' ... done (1ms).
Loading done.
Simulation version 1.15.0 started with time: 0.00.
Simulation ended at time: 103906.00
Reason: All vehicles have left the simulation.
Performance: 
 Duration: 383.01s
 Real time factor: 271.286
 UPS: 26192.808077
Vehicles: 
 Inserted: 125347
 Running: 0
 Waiting: 0

-------------------------------------------------------------------------------
['C:\\Program Files (x86)\\Eclipse\\Sumo\\bin\\duarouter', '-c', '036/iteration_036_4-3-test-demand-vianetedit_035.duarcfg']
Success.
-------------------------------------------------------------------------------
['C:\\Program Files (x86)\\Eclipse\\Sumo\\bin\\sumo', '-c', '036/iteration_036.sumocfg']
Loading net-file from 'C:\Users\lendl\Documents\smart_traffic\sumo\19-3-lendl-ver.net.xml' ... done (10ms).
Loading additional-files from '036/../edgedata.add.xml' ... done (1ms).
Loading done.
Simulation version 1.15.0 started with time: 0.00.
Simulation ended at time: 103906.00
Reason: All vehicles have left the simulation.
Performance: 
 Duration: 384.55s
 Real time factor: 270.2
 UPS: 26087.982900
Vehicles: 
 Inserted: 125347
 Running: 0
 Waiting: 0

-------------------------------------------------------------------------------
['C:\\Program Files (x86)\\Eclipse\\Sumo\\bin\\duarouter', '-c', '037/iteration_037_4-3-test-demand-vianetedit_036.duarcfg']
Success.
-------------------------------------------------------------------------------
['C:\\Program Files (x86)\\Eclipse\\Sumo\\bin\\sumo', '-c', '037/iteration_037.sumocfg']
Loading net-file from 'C:\Users\lendl\Documents\smart_traffic\sumo\19-3-lendl-ver.net.xml' ... done (10ms).
Loading additional-files from '037/../edgedata.add.xml' ... done (1ms).
Loading done.
Simulation version 1.15.0 started with time: 0.00.
Simulation ended at time: 103906.00
Reason: All vehicles have left the simulation.
Performance: 
 Duration: 383.68s
 Real time factor: 270.818
 UPS: 26147.614517
Vehicles: 
 Inserted: 125347
 Running: 0
 Waiting: 0

-------------------------------------------------------------------------------
['C:\\Program Files (x86)\\Eclipse\\Sumo\\bin\\duarouter', '-c', '038/iteration_038_4-3-test-demand-vianetedit_037.duarcfg']
Success.
-------------------------------------------------------------------------------
['C:\\Program Files (x86)\\Eclipse\\Sumo\\bin\\sumo', '-c', '038/iteration_038.sumocfg']
Loading net-file from 'C:\Users\lendl\Documents\smart_traffic\sumo\19-3-lendl-ver.net.xml' ... done (11ms).
Loading additional-files from '038/../edgedata.add.xml' ... done (1ms).
Loading done.
Simulation version 1.15.0 started with time: 0.00.
Simulation ended at time: 103906.00
Reason: All vehicles have left the simulation.
Performance: 
 Duration: 384.01s
 Real time factor: 270.584
 UPS: 26125.076171
Vehicles: 
 Inserted: 125347
 Running: 0
 Waiting: 0

-------------------------------------------------------------------------------
['C:\\Program Files (x86)\\Eclipse\\Sumo\\bin\\duarouter', '-c', '039/iteration_039_4-3-test-demand-vianetedit_038.duarcfg']
Success.
-------------------------------------------------------------------------------
['C:\\Program Files (x86)\\Eclipse\\Sumo\\bin\\sumo', '-c', '039/iteration_039.sumocfg']
Loading net-file from 'C:\Users\lendl\Documents\smart_traffic\sumo\19-3-lendl-ver.net.xml' ... done (10ms).
Loading additional-files from '039/../edgedata.add.xml' ... done (1ms).
Loading done.
Simulation version 1.15.0 started with time: 0.00.
Simulation ended at time: 103906.00
Reason: All vehicles have left the simulation.
Performance: 
 Duration: 383.53s
 Real time factor: 270.918
 UPS: 26157.295461
Vehicles: 
 Inserted: 125347
 Running: 0
 Waiting: 0

-------------------------------------------------------------------------------
['C:\\Program Files (x86)\\Eclipse\\Sumo\\bin\\duarouter', '-c', '040/iteration_040_4-3-test-demand-vianetedit_039.duarcfg']
Success.
-------------------------------------------------------------------------------
['C:\\Program Files (x86)\\Eclipse\\Sumo\\bin\\sumo', '-c', '040/iteration_040.sumocfg']
Loading net-file from 'C:\Users\lendl\Documents\smart_traffic\sumo\19-3-lendl-ver.net.xml' ... done (11ms).
Loading additional-files from '040/../edgedata.add.xml' ... done (1ms).
Loading done.
Simulation version 1.15.0 started with time: 0.00.
Simulation ended at time: 103906.00
Reason: All vehicles have left the simulation.
Performance: 
 Duration: 383.68s
 Real time factor: 270.815
 UPS: 26147.341919
Vehicles: 
 Inserted: 125347
 Running: 0
 Waiting: 0

-------------------------------------------------------------------------------
['C:\\Program Files (x86)\\Eclipse\\Sumo\\bin\\duarouter', '-c', '041/iteration_041_4-3-test-demand-vianetedit_040.duarcfg']
Success.
-------------------------------------------------------------------------------
['C:\\Program Files (x86)\\Eclipse\\Sumo\\bin\\sumo', '-c', '041/iteration_041.sumocfg']
Loading net-file from 'C:\Users\lendl\Documents\smart_traffic\sumo\19-3-lendl-ver.net.xml' ... done (10ms).
Loading additional-files from '041/../edgedata.add.xml' ... done (0ms).
Loading done.
Simulation version 1.15.0 started with time: 0.00.
Simulation ended at time: 103906.00
Reason: All vehicles have left the simulation.
Performance: 
 Duration: 383.21s
 Real time factor: 271.146
 UPS: 26179.274603
Vehicles: 
 Inserted: 125347
 Running: 0
 Waiting: 0

-------------------------------------------------------------------------------
['C:\\Program Files (x86)\\Eclipse\\Sumo\\bin\\duarouter', '-c', '042/iteration_042_4-3-test-demand-vianetedit_041.duarcfg']
Success.
-------------------------------------------------------------------------------
['C:\\Program Files (x86)\\Eclipse\\Sumo\\bin\\sumo', '-c', '042/iteration_042.sumocfg']
Loading net-file from 'C:\Users\lendl\Documents\smart_traffic\sumo\19-3-lendl-ver.net.xml' ... done (10ms).
Loading additional-files from '042/../edgedata.add.xml' ... done (1ms).
Loading done.
Simulation version 1.15.0 started with time: 0.00.
Simulation ended at time: 103906.00
Reason: All vehicles have left the simulation.
Performance: 
 Duration: 384.67s
 Real time factor: 270.119
 UPS: 26080.183639
Vehicles: 
 Inserted: 125347
 Running: 0
 Waiting: 0

-------------------------------------------------------------------------------
['C:\\Program Files (x86)\\Eclipse\\Sumo\\bin\\duarouter', '-c', '043/iteration_043_4-3-test-demand-vianetedit_042.duarcfg']
Success.
-------------------------------------------------------------------------------
['C:\\Program Files (x86)\\Eclipse\\Sumo\\bin\\sumo', '-c', '043/iteration_043.sumocfg']
Loading net-file from 'C:\Users\lendl\Documents\smart_traffic\sumo\19-3-lendl-ver.net.xml' ... done (10ms).
Loading additional-files from '043/../edgedata.add.xml' ... done (1ms).
Loading done.
Simulation version 1.15.0 started with time: 0.00.
Simulation ended at time: 103906.00
Reason: All vehicles have left the simulation.
Performance: 
 Duration: 386.27s
 Real time factor: 268.996
 UPS: 25971.750549
Vehicles: 
 Inserted: 125347
 Running: 0
 Waiting: 0

-------------------------------------------------------------------------------
['C:\\Program Files (x86)\\Eclipse\\Sumo\\bin\\duarouter', '-c', '044/iteration_044_4-3-test-demand-vianetedit_043.duarcfg']
Success.
-------------------------------------------------------------------------------
['C:\\Program Files (x86)\\Eclipse\\Sumo\\bin\\sumo', '-c', '044/iteration_044.sumocfg']
Loading net-file from 'C:\Users\lendl\Documents\smart_traffic\sumo\19-3-lendl-ver.net.xml' ... done (10ms).
Loading additional-files from '044/../edgedata.add.xml' ... done (1ms).
Loading done.
Simulation version 1.15.0 started with time: 0.00.
Simulation ended at time: 103906.00
Reason: All vehicles have left the simulation.
Performance: 
 Duration: 383.22s
 Real time factor: 271.139
 UPS: 26178.659778
Vehicles: 
 Inserted: 125347
 Running: 0
 Waiting: 0

-------------------------------------------------------------------------------
['C:\\Program Files (x86)\\Eclipse\\Sumo\\bin\\duarouter', '-c', '045/iteration_045_4-3-test-demand-vianetedit_044.duarcfg']
Success.
-------------------------------------------------------------------------------
['C:\\Program Files (x86)\\Eclipse\\Sumo\\bin\\sumo', '-c', '045/iteration_045.sumocfg']
Loading net-file from 'C:\Users\lendl\Documents\smart_traffic\sumo\19-3-lendl-ver.net.xml' ... done (10ms).
Loading additional-files from '045/../edgedata.add.xml' ... done (1ms).
Loading done.
Simulation version 1.15.0 started with time: 0.00.
Simulation ended at time: 103906.00
Reason: All vehicles have left the simulation.
Performance: 
 Duration: 385.28s
 Real time factor: 269.687
 UPS: 26038.418413
Vehicles: 
 Inserted: 125347
 Running: 0
 Waiting: 0

-------------------------------------------------------------------------------
['C:\\Program Files (x86)\\Eclipse\\Sumo\\bin\\duarouter', '-c', '046/iteration_046_4-3-test-demand-vianetedit_045.duarcfg']
Success.
-------------------------------------------------------------------------------
['C:\\Program Files (x86)\\Eclipse\\Sumo\\bin\\sumo', '-c', '046/iteration_046.sumocfg']
Loading net-file from 'C:\Users\lendl\Documents\smart_traffic\sumo\19-3-lendl-ver.net.xml' ... done (11ms).
Loading additional-files from '046/../edgedata.add.xml' ... done (0ms).
Loading done.
Simulation version 1.15.0 started with time: 0.00.
Simulation ended at time: 103906.00
Reason: All vehicles have left the simulation.
Performance: 
 Duration: 382.73s
 Real time factor: 271.486
 UPS: 26212.107198
Vehicles: 
 Inserted: 125347
 Running: 0
 Waiting: 0

-------------------------------------------------------------------------------
['C:\\Program Files (x86)\\Eclipse\\Sumo\\bin\\duarouter', '-c', '047/iteration_047_4-3-test-demand-vianetedit_046.duarcfg']
Success.
-------------------------------------------------------------------------------
['C:\\Program Files (x86)\\Eclipse\\Sumo\\bin\\sumo', '-c', '047/iteration_047.sumocfg']
Loading net-file from 'C:\Users\lendl\Documents\smart_traffic\sumo\19-3-lendl-ver.net.xml' ... done (10ms).
Loading additional-files from '047/../edgedata.add.xml' ... done (0ms).
Loading done.
Simulation version 1.15.0 started with time: 0.00.
Simulation ended at time: 103906.00
Reason: All vehicles have left the simulation.
Performance: 
 Duration: 384.21s
 Real time factor: 270.441
 UPS: 26111.272771
Vehicles: 
 Inserted: 125347
 Running: 0
 Waiting: 0

-------------------------------------------------------------------------------
['C:\\Program Files (x86)\\Eclipse\\Sumo\\bin\\duarouter', '-c', '048/iteration_048_4-3-test-demand-vianetedit_047.duarcfg']
Success.
-------------------------------------------------------------------------------
['C:\\Program Files (x86)\\Eclipse\\Sumo\\bin\\sumo', '-c', '048/iteration_048.sumocfg']
Loading net-file from 'C:\Users\lendl\Documents\smart_traffic\sumo\19-3-lendl-ver.net.xml' ... done (10ms).
Loading additional-files from '048/../edgedata.add.xml' ... done (0ms).
Loading done.
Simulation version 1.15.0 started with time: 0.00.
Simulation ended at time: 103906.00
Reason: All vehicles have left the simulation.
Performance: 
 Duration: 386.36s
 Real time factor: 268.939
 UPS: 25966.238304
Vehicles: 
 Inserted: 125347
 Running: 0
 Waiting: 0

-------------------------------------------------------------------------------
['C:\\Program Files (x86)\\Eclipse\\Sumo\\bin\\duarouter', '-c', '049/iteration_049_4-3-test-demand-vianetedit_048.duarcfg']
Success.
-------------------------------------------------------------------------------
['C:\\Program Files (x86)\\Eclipse\\Sumo\\bin\\sumo', '-c', '049/iteration_049.sumocfg']
Loading net-file from 'C:\Users\lendl\Documents\smart_traffic\sumo\19-3-lendl-ver.net.xml' ... done (10ms).
Loading additional-files from '049/../edgedata.add.xml' ... done (1ms).
Loading done.
Simulation version 1.15.0 started with time: 0.00.
Simulation ended at time: 103906.00
Reason: All vehicles have left the simulation.
Performance: 
 Duration: 385.60s
 Real time factor: 269.463
 UPS: 26016.809992
Vehicles: 
 Inserted: 125347
 Running: 0
 Waiting: 0

