***Starting server on port 54651 ***
Loading net-file from 'C:\Users\lendl\Documents\smart_traffic\sumo\25-3-lendl-ver.net.xml' ... done (10ms).
Loading additional-files from 'C:\Users\lendl\Documents\smart_traffic\sumo\micro-2\003\../edgedata.add.xml' ... done (2ms).
Loading done.
Simulation started with time: 0.00.
Warning: Vehicle 'f_2_0_TRUCK.2' performs emergency braking on lane '1078018164_0' with decel=7.00, wished=4.00, severity=1.00, time=1224.50.
Warning: Vehicle 'f_5_0_TAXI.23' performs emergency braking on lane '1076383725.80_0' with decel=9.00, wished=4.50, severity=1.00, time=2196.50.
Warning: Vehicle 'f_2_2_CAR.1' performs emergency braking on lane '1078018164_0' with decel=9.00, wished=4.50, severity=1.00, time=7254.50.
Warning: Vehicle 'f_2_2_TRUCK.1' performs emergency braking on lane '1078018164_0' with decel=7.00, wished=4.00, severity=1.00, time=8424.50.
Warning: Vehicle 'f_2_2_CAR.54' performs emergency braking on lane '1078018164_0' with decel=9.00, wished=4.50, severity=1.00, time=9054.50.
Warning: Vehicle 'f_2_3_CAR.81' performs emergency braking on lane '1078018164_0' with decel=9.00, wished=4.50, severity=1.00, time=13014.50.
Warning: Vehicle 'f_2_3_CAR.101' performs emergency braking on lane '1078018164_0' with decel=9.00, wished=4.50, severity=1.00, time=13554.50.
Warning: Vehicle 'f_10_4_CAR.9' performs emergency braking on lane ':J2_2_0' with decel=9.00, wished=4.50, severity=1.00, time=16052.00.
Warning: Vehicle 'f_2_5_CAR.59' performs emergency braking on lane '1078018164_0' with decel=9.00, wished=4.50, severity=1.00, time=20304.50.
Warning: Vehicle 'f_10_5_CAR.17' performs emergency braking on lane ':J2_2_0' with decel=9.00, wished=4.50, severity=1.00, time=20638.00.
Warning: Vehicle 'f_2_6_CAR.9' performs emergency braking on lane '1078018164_0' with decel=9.00, wished=4.50, severity=1.00, time=21834.50.
Warning: Vehicle 'f_2_9_CAR.59' performs emergency braking on lane '1078018164_0' with decel=9.00, wished=4.50, severity=1.00, time=34704.50.
Warning: Vehicle 'f_10_10_CAR.10' performs emergency braking on lane ':J2_2_0' with decel=9.00, wished=4.50, severity=1.00, time=37102.50.
Warning: Vehicle 'f_2_10_TAXI.5' performs emergency braking on lane '1078018164_0' with decel=9.00, wished=4.50, severity=1.00, time=37224.50.
Warning: Vehicle 'f_2_12_CAR.123' performs emergency braking on lane '1078018164_0' with decel=9.00, wished=4.50, severity=1.00, time=46060.50.
Warning: Vehicle 'f_2_13_CAR.63' performs emergency braking on lane '1078018164_0' with decel=9.00, wished=4.50, severity=1.00, time=48040.50.
Warning: Vehicle 'f_2_13_CAR.77' performs emergency braking on lane '1078018164_0' with decel=9.00, wished=4.50, severity=1.00, time=48310.50.
Warning: Vehicle 'f_2_13_CAR.156' performs emergency braking on lane '1078018164_0' with decel=9.00, wished=4.50, severity=1.00, time=49840.50.
Warning: Vehicle 'f_2_13_CAR.170' performs emergency braking on lane '1078018164_0' with decel=9.00, wished=4.50, severity=1.00, time=50110.50.
Simulation ended at time: 50400.00
Reason: TraCI requested termination.
Performance: 
 Duration: 6224.80s
 TraCI-Duration: 3727.02s
 Real time factor: 8.09664
 UPS: 5269.368247
Vehicles: 
 Inserted: 118599 (Loaded: 125347)
 Running: 503
 Waiting: 6735

