Loading net-file from 'C:\Users\lendl\Documents\smart_traffic\sumo\25-3-lendl-ver.net.xml' ... done (15ms).
Loading additional-files from '004/../edgedata.add.xml' ... done (2ms).
Loading done.
Simulation version 1.15.0 started with time: 0.00.
Warning: Vehicle 'f_1_0_CAR.74' performs emergency braking on lane ':J7_2_0' with decel=9.00, wished=4.50, severity=1.00, time=282.50.
Warning: Vehicle 'f_1_0_CAR.546' performs emergency braking on lane ':J7_2_0' with decel=9.00, wished=4.50, severity=1.00, time=1956.00.
Warning: Vehicle 'f_10_0_TAXI.2' performs emergency braking on lane ':J2_2_0' with decel=9.00, wished=4.50, severity=1.00, time=3313.50.
Warning: Vehicle 'f_1_0_CAR.952' performs emergency braking on lane ':J7_2_0' with decel=9.00, wished=4.50, severity=1.00, time=3347.00.
Warning: Vehicle 'f_1_0_CAR.1057' performs emergency braking on lane ':J7_2_0' with decel=9.00, wished=4.50, severity=1.00, time=3712.50.
Warning: Vehicle 'f_10_3_CAR.5' performs emergency braking on lane ':J2_2_0' with decel=9.00, wished=4.50, severity=1.00, time=15127.50.
Warning: Vehicle 'f_1_3_CAR.105' performs emergency braking on lane ':J7_2_0' with decel=9.00, wished=4.50, severity=1.00, time=15969.00.
Warning: Vehicle 'f_10_4_CAR.47' performs emergency braking on lane ':J2_2_0' with decel=9.00, wished=4.50, severity=1.00, time=21492.50.
Warning: Vehicle 'f_1_4_CAR.156' performs emergency braking on lane ':J7_2_0' with decel=9.00, wished=4.50, severity=1.00, time=21891.00.
Warning: Vehicle 'f_1_4_CAR.158' performs emergency braking on lane ':J7_2_0' with decel=9.00, wished=4.50, severity=1.00, time=21899.50.
Simulation ended at time: 22957.00
Reason: Interrupted.
Performance: 
 Duration: 254.64s
 Real time factor: 90.1537
 UPS: 50425.780406
Vehicles: 
 Inserted: 51665 (Loaded: 62213)
 Running: 293
 Waiting: 10384

