Loading net-file from 'C:\Users\lendl\Documents\smart_traffic\sumo\25-3-lendl-ver.net.xml' ... done (9ms).
Loading additional-files from '003/../edgedata.add.xml' ... done (0ms).
Loading done.
Simulation version 1.15.0 started with time: 0.00.
Warning: Vehicle 'f_10_1_CAR.24' performs emergency braking on lane ':J2_2_0' with decel=9.00, wished=4.50, severity=1.00, time=4950.00.
Warning: Vehicle 'f_10_3_CAR.74' performs emergency braking on lane ':J2_2_0' with decel=9.00, wished=4.50, severity=1.00, time=13901.00.
Warning: Vehicle 'f_5_4_TRUCK.4' performs emergency braking on lane '1076383725.80_0' with decel=7.00, wished=4.00, severity=1.00, time=16696.00.
Warning: Vehicle 'f_2_8_CAR.69' performs emergency braking on lane '1078018164_0' with decel=9.00, wished=4.50, severity=1.00, time=31676.00.
Warning: Vehicle 'f_2_11_CAR.132' performs emergency braking on lane '1078018164_0' with decel=9.00, wished=4.50, severity=1.00, time=42148.00.
Warning: Vehicle 'f_2_12_TAXI.6' performs emergency braking on lane '1078018164_0' with decel=9.00, wished=4.50, severity=1.00, time=46306.00.
Warning: Vehicle 'f_2_13_CAR.37' performs emergency braking on lane '1078018164_0' with decel=9.00, wished=4.50, severity=1.00, time=47538.00.
Warning: Vehicle 'f_2_13_CAR.53' performs emergency braking on lane '1078018164_0' with decel=9.00, wished=4.50, severity=1.00, time=47846.00.
Simulation ended at time: 56016.00
Reason: All vehicles have left the simulation.
Performance: 
 Duration: 241.49s
 Real time factor: 231.959
 UPS: 172671.888393
Vehicles: 
 Inserted: 125347
 Running: 0
 Waiting: 0

