Loading net-file from 'C:\Users\lendl\Documents\smart_traffic\sumo\25-3-lendl-ver.net.xml' ... done (11ms).
Loading additional-files from '003/../edgedata.add.xml' ... done (1ms).
Loading done.
Simulation version 1.15.0 started with time: 0.00.
Warning: Vehicle 'f_5_0_CAR.9' performs emergency braking on lane '1076383725.80_0' with decel=9.00, wished=4.50, severity=1.00, time=526.00.
Warning: Vehicle 'f_1_1_CAR.12' performs emergency braking on lane ':J7_2_0' with decel=9.00, wished=4.50, severity=1.00, time=3707.10.
Warning: Vehicle 'f_5_2_TAXI.15' performs emergency braking on lane '1076383725.80_0' with decel=9.00, wished=4.50, severity=1.00, time=9920.00.
Warning: Vehicle 'f_10_3_CAR.86' performs emergency braking on lane ':J2_2_0' with decel=9.00, wished=4.50, severity=1.00, time=14028.70.
Warning: Vehicle 'f_10_4_CAR.11' performs emergency braking on lane ':J2_2_0' with decel=9.00, wished=4.50, severity=1.00, time=14809.80.
Warning: Vehicle 'f_2_6_CAR.67' performs emergency braking on lane '1078018164_0' with decel=9.00, wished=4.50, severity=1.00, time=23206.00.
Warning: Vehicle 'f_2_6_CAR.106' performs emergency braking on lane '1078018164_0' with decel=9.00, wished=4.50, severity=1.00, time=24130.00.
Warning: Vehicle 'f_2_6_CAR.119' performs emergency braking on lane '1078018164_0' with decel=9.00, wished=4.50, severity=1.00, time=24438.00.
Warning: Vehicle 'f_2_6_CAR.132' performs emergency braking on lane '1078018164_0' with decel=9.00, wished=4.50, severity=1.00, time=24746.00.
Warning: Vehicle 'f_2_6_CAR.145' performs emergency braking on lane '1078018164_0' with decel=9.00, wished=4.50, severity=1.00, time=25054.00.
Warning: Vehicle 'f_2_7_CAR.53' performs emergency braking on lane '1078018164_0' with decel=9.00, wished=4.50, severity=1.00, time=27518.00.
Warning: Vehicle 'f_5_9_TAXI.1' performs emergency braking on lane '1076383725.80_0' with decel=9.00, wished=4.50, severity=1.00, time=33020.00.
Simulation ended at time: 34305.00
Reason: Interrupted.
Performance: 
 Duration: 325.58s
 Real time factor: 105.366
 UPS: 246436.485266
Vehicles: 
 Inserted: 80136 (Loaded: 81393)
 Running: 318
 Waiting: 886

