-------------------------------------------------------------------------------
['C:\\Program Files (x86)\\Eclipse\\Sumo\\bin\\duarouter', '-c', '000/iteration_000_4-3-test-demand-vianetedit.duarcfg']
Success.
-------------------------------------------------------------------------------
['C:\\Program Files (x86)\\Eclipse\\Sumo\\bin\\sumo', '-c', '000/iteration_000.sumocfg']
Loading net-file from 'C:\Users\lendl\Documents\smart_traffic\sumo\25-3-lendl-ver.net.xml' ... done (9ms).
Loading additional-files from '000/../edgedata.add.xml' ... done (1ms).
Loading done.
Simulation version 1.15.0 started with time: 0.00.
Warning: Vehicle 'f_10_1_CAR.24' performs emergency braking on lane ':J2_2_0' with decel=9.00, wished=4.50, severity=1.00, time=4950.00.
Warning: Vehicle 'f_10_3_CAR.74' performs emergency braking on lane ':J2_2_0' with decel=9.00, wished=4.50, severity=1.00, time=13901.00.
Warning: Vehicle 'f_5_4_TRUCK.4' performs emergency braking on lane '1076383725.80_0' with decel=7.00, wished=4.00, severity=1.00, time=16696.00.
Warning: Vehicle 'f_2_8_CAR.69' performs emergency braking on lane '1078018164_0' with decel=9.00, wished=4.50, severity=1.00, time=31676.00.
Warning: Vehicle 'f_2_11_CAR.132' performs emergency braking on lane '1078018164_0' with decel=9.00, wished=4.50, severity=1.00, time=42148.00.
Warning: Vehicle 'f_2_12_TAXI.6' performs emergency braking on lane '1078018164_0' with decel=9.00, wished=4.50, severity=1.00, time=46306.00.
Warning: Vehicle 'f_2_13_CAR.37' performs emergency braking on lane '1078018164_0' with decel=9.00, wished=4.50, severity=1.00, time=47538.00.
Warning: Vehicle 'f_2_13_CAR.53' performs emergency braking on lane '1078018164_0' with decel=9.00, wished=4.50, severity=1.00, time=47846.00.
Simulation ended at time: 56016.00
Reason: All vehicles have left the simulation.
Performance: 
 Duration: 245.54s
 Real time factor: 228.135
 UPS: 169825.188667
Vehicles: 
 Inserted: 125347
 Running: 0
 Waiting: 0

-------------------------------------------------------------------------------
['C:\\Program Files (x86)\\Eclipse\\Sumo\\bin\\duarouter', '-c', '001/iteration_001_4-3-test-demand-vianetedit_000.duarcfg']
Success.
-------------------------------------------------------------------------------
['C:\\Program Files (x86)\\Eclipse\\Sumo\\bin\\sumo', '-c', '001/iteration_001.sumocfg']
Loading net-file from 'C:\Users\lendl\Documents\smart_traffic\sumo\25-3-lendl-ver.net.xml' ... done (9ms).
Loading additional-files from '001/../edgedata.add.xml' ... done (1ms).
Loading done.
Simulation version 1.15.0 started with time: 0.00.
Warning: Vehicle 'f_10_1_CAR.24' performs emergency braking on lane ':J2_2_0' with decel=9.00, wished=4.50, severity=1.00, time=4950.00.
Warning: Vehicle 'f_10_3_CAR.74' performs emergency braking on lane ':J2_2_0' with decel=9.00, wished=4.50, severity=1.00, time=13901.00.
Warning: Vehicle 'f_5_4_TRUCK.4' performs emergency braking on lane '1076383725.80_0' with decel=7.00, wished=4.00, severity=1.00, time=16696.00.
Warning: Vehicle 'f_2_8_CAR.69' performs emergency braking on lane '1078018164_0' with decel=9.00, wished=4.50, severity=1.00, time=31676.00.
Warning: Vehicle 'f_2_11_CAR.132' performs emergency braking on lane '1078018164_0' with decel=9.00, wished=4.50, severity=1.00, time=42148.00.
Warning: Vehicle 'f_2_12_TAXI.6' performs emergency braking on lane '1078018164_0' with decel=9.00, wished=4.50, severity=1.00, time=46306.00.
Warning: Vehicle 'f_2_13_CAR.37' performs emergency braking on lane '1078018164_0' with decel=9.00, wished=4.50, severity=1.00, time=47538.00.
Warning: Vehicle 'f_2_13_CAR.53' performs emergency braking on lane '1078018164_0' with decel=9.00, wished=4.50, severity=1.00, time=47846.00.
Simulation ended at time: 56016.00
Reason: All vehicles have left the simulation.
Performance: 
 Duration: 254.65s
 Real time factor: 219.973
 UPS: 163749.737874
Vehicles: 
 Inserted: 125347
 Running: 0
 Waiting: 0

-------------------------------------------------------------------------------
['C:\\Program Files (x86)\\Eclipse\\Sumo\\bin\\duarouter', '-c', '002/iteration_002_4-3-test-demand-vianetedit_001.duarcfg']
Success.
-------------------------------------------------------------------------------
['C:\\Program Files (x86)\\Eclipse\\Sumo\\bin\\sumo', '-c', '002/iteration_002.sumocfg']
Loading net-file from 'C:\Users\lendl\Documents\smart_traffic\sumo\25-3-lendl-ver.net.xml' ... done (9ms).
Loading additional-files from '002/../edgedata.add.xml' ... done (0ms).
Loading done.
Simulation version 1.15.0 started with time: 0.00.
Warning: Vehicle 'f_10_1_CAR.24' performs emergency braking on lane ':J2_2_0' with decel=9.00, wished=4.50, severity=1.00, time=4950.00.
Warning: Vehicle 'f_10_3_CAR.74' performs emergency braking on lane ':J2_2_0' with decel=9.00, wished=4.50, severity=1.00, time=13901.00.
Warning: Vehicle 'f_5_4_TRUCK.4' performs emergency braking on lane '1076383725.80_0' with decel=7.00, wished=4.00, severity=1.00, time=16696.00.
Warning: Vehicle 'f_2_8_CAR.69' performs emergency braking on lane '1078018164_0' with decel=9.00, wished=4.50, severity=1.00, time=31676.00.
Warning: Vehicle 'f_2_11_CAR.132' performs emergency braking on lane '1078018164_0' with decel=9.00, wished=4.50, severity=1.00, time=42148.00.
Warning: Vehicle 'f_2_12_TAXI.6' performs emergency braking on lane '1078018164_0' with decel=9.00, wished=4.50, severity=1.00, time=46306.00.
Warning: Vehicle 'f_2_13_CAR.37' performs emergency braking on lane '1078018164_0' with decel=9.00, wished=4.50, severity=1.00, time=47538.00.
Warning: Vehicle 'f_2_13_CAR.53' performs emergency braking on lane '1078018164_0' with decel=9.00, wished=4.50, severity=1.00, time=47846.00.
Simulation ended at time: 56016.00
Reason: All vehicles have left the simulation.
Performance: 
 Duration: 238.69s
 Real time factor: 234.682
 UPS: 174698.905270
Vehicles: 
 Inserted: 125347
 Running: 0
 Waiting: 0

-------------------------------------------------------------------------------
['C:\\Program Files (x86)\\Eclipse\\Sumo\\bin\\duarouter', '-c', '003/iteration_003_4-3-test-demand-vianetedit_002.duarcfg']
Success.
-------------------------------------------------------------------------------
['C:\\Program Files (x86)\\Eclipse\\Sumo\\bin\\sumo', '-c', '003/iteration_003.sumocfg']
Loading net-file from 'C:\Users\lendl\Documents\smart_traffic\sumo\25-3-lendl-ver.net.xml' ... done (9ms).
Loading additional-files from '003/../edgedata.add.xml' ... done (0ms).
Loading done.
Simulation version 1.15.0 started with time: 0.00.
Warning: Vehicle 'f_10_1_CAR.24' performs emergency braking on lane ':J2_2_0' with decel=9.00, wished=4.50, severity=1.00, time=4950.00.
Warning: Vehicle 'f_10_3_CAR.74' performs emergency braking on lane ':J2_2_0' with decel=9.00, wished=4.50, severity=1.00, time=13901.00.
Warning: Vehicle 'f_5_4_TRUCK.4' performs emergency braking on lane '1076383725.80_0' with decel=7.00, wished=4.00, severity=1.00, time=16696.00.
Warning: Vehicle 'f_2_8_CAR.69' performs emergency braking on lane '1078018164_0' with decel=9.00, wished=4.50, severity=1.00, time=31676.00.
Warning: Vehicle 'f_2_11_CAR.132' performs emergency braking on lane '1078018164_0' with decel=9.00, wished=4.50, severity=1.00, time=42148.00.
Warning: Vehicle 'f_2_12_TAXI.6' performs emergency braking on lane '1078018164_0' with decel=9.00, wished=4.50, severity=1.00, time=46306.00.
Warning: Vehicle 'f_2_13_CAR.37' performs emergency braking on lane '1078018164_0' with decel=9.00, wished=4.50, severity=1.00, time=47538.00.
Warning: Vehicle 'f_2_13_CAR.53' performs emergency braking on lane '1078018164_0' with decel=9.00, wished=4.50, severity=1.00, time=47846.00.
Simulation ended at time: 56016.00
Reason: All vehicles have left the simulation.
Performance: 
 Duration: 241.49s
 Real time factor: 231.959
 UPS: 172671.888393
Vehicles: 
 Inserted: 125347
 Running: 0
 Waiting: 0

-------------------------------------------------------------------------------
['C:\\Program Files (x86)\\Eclipse\\Sumo\\bin\\duarouter', '-c', '004/iteration_004_4-3-test-demand-vianetedit_003.duarcfg']
Success.
-------------------------------------------------------------------------------
['C:\\Program Files (x86)\\Eclipse\\Sumo\\bin\\sumo', '-c', '004/iteration_004.sumocfg']
Loading net-file from 'C:\Users\lendl\Documents\smart_traffic\sumo\25-3-lendl-ver.net.xml' ... done (9ms).
Loading additional-files from '004/../edgedata.add.xml' ... done (1ms).
Loading done.
Simulation version 1.15.0 started with time: 0.00.
Warning: Vehicle 'f_10_1_CAR.24' performs emergency braking on lane ':J2_2_0' with decel=9.00, wished=4.50, severity=1.00, time=4950.00.
Warning: Vehicle 'f_10_3_CAR.74' performs emergency braking on lane ':J2_2_0' with decel=9.00, wished=4.50, severity=1.00, time=13901.00.
Warning: Vehicle 'f_5_4_TRUCK.4' performs emergency braking on lane '1076383725.80_0' with decel=7.00, wished=4.00, severity=1.00, time=16696.00.
Warning: Vehicle 'f_2_8_CAR.69' performs emergency braking on lane '1078018164_0' with decel=9.00, wished=4.50, severity=1.00, time=31676.00.
Warning: Vehicle 'f_2_11_CAR.132' performs emergency braking on lane '1078018164_0' with decel=9.00, wished=4.50, severity=1.00, time=42148.00.
Warning: Vehicle 'f_2_12_TAXI.6' performs emergency braking on lane '1078018164_0' with decel=9.00, wished=4.50, severity=1.00, time=46306.00.
Warning: Vehicle 'f_2_13_CAR.37' performs emergency braking on lane '1078018164_0' with decel=9.00, wished=4.50, severity=1.00, time=47538.00.
Warning: Vehicle 'f_2_13_CAR.53' performs emergency braking on lane '1078018164_0' with decel=9.00, wished=4.50, severity=1.00, time=47846.00.
Simulation ended at time: 56016.00
Reason: All vehicles have left the simulation.
Performance: 
 Duration: 257.77s
 Real time factor: 217.307
 UPS: 161764.596119
Vehicles: 
 Inserted: 125347
 Running: 0
 Waiting: 0

-------------------------------------------------------------------------------
['C:\\Program Files (x86)\\Eclipse\\Sumo\\bin\\duarouter', '-c', '005/iteration_005_4-3-test-demand-vianetedit_004.duarcfg']
Success.
-------------------------------------------------------------------------------
['C:\\Program Files (x86)\\Eclipse\\Sumo\\bin\\sumo', '-c', '005/iteration_005.sumocfg']
Loading net-file from 'C:\Users\lendl\Documents\smart_traffic\sumo\25-3-lendl-ver.net.xml' ... done (10ms).
Loading additional-files from '005/../edgedata.add.xml' ... done (1ms).
Loading done.
Simulation version 1.15.0 started with time: 0.00.
Warning: Vehicle 'f_10_1_CAR.24' performs emergency braking on lane ':J2_2_0' with decel=9.00, wished=4.50, severity=1.00, time=4950.00.
Warning: Vehicle 'f_10_3_CAR.74' performs emergency braking on lane ':J2_2_0' with decel=9.00, wished=4.50, severity=1.00, time=13901.00.
Warning: Vehicle 'f_5_4_TRUCK.4' performs emergency braking on lane '1076383725.80_0' with decel=7.00, wished=4.00, severity=1.00, time=16696.00.
Warning: Vehicle 'f_2_8_CAR.69' performs emergency braking on lane '1078018164_0' with decel=9.00, wished=4.50, severity=1.00, time=31676.00.
Warning: Vehicle 'f_2_11_CAR.132' performs emergency braking on lane '1078018164_0' with decel=9.00, wished=4.50, severity=1.00, time=42148.00.
Warning: Vehicle 'f_2_12_TAXI.6' performs emergency braking on lane '1078018164_0' with decel=9.00, wished=4.50, severity=1.00, time=46306.00.
Warning: Vehicle 'f_2_13_CAR.37' performs emergency braking on lane '1078018164_0' with decel=9.00, wished=4.50, severity=1.00, time=47538.00.
Warning: Vehicle 'f_2_13_CAR.53' performs emergency braking on lane '1078018164_0' with decel=9.00, wished=4.50, severity=1.00, time=47846.00.
Simulation ended at time: 56016.00
Reason: All vehicles have left the simulation.
Performance: 
 Duration: 281.21s
 Real time factor: 199.197
 UPS: 148283.685800
Vehicles: 
 Inserted: 125347
 Running: 0
 Waiting: 0

-------------------------------------------------------------------------------
['C:\\Program Files (x86)\\Eclipse\\Sumo\\bin\\duarouter', '-c', '006/iteration_006_4-3-test-demand-vianetedit_005.duarcfg']
Success.
-------------------------------------------------------------------------------
['C:\\Program Files (x86)\\Eclipse\\Sumo\\bin\\sumo', '-c', '006/iteration_006.sumocfg']
Loading net-file from 'C:\Users\lendl\Documents\smart_traffic\sumo\25-3-lendl-ver.net.xml' ... done (12ms).
Loading additional-files from '006/../edgedata.add.xml' ... done (1ms).
Loading done.
Simulation version 1.15.0 started with time: 0.00.
Warning: Vehicle 'f_10_1_CAR.24' performs emergency braking on lane ':J2_2_0' with decel=9.00, wished=4.50, severity=1.00, time=4950.00.
Warning: Vehicle 'f_10_3_CAR.74' performs emergency braking on lane ':J2_2_0' with decel=9.00, wished=4.50, severity=1.00, time=13901.00.
Warning: Vehicle 'f_5_4_TRUCK.4' performs emergency braking on lane '1076383725.80_0' with decel=7.00, wished=4.00, severity=1.00, time=16696.00.
Warning: Vehicle 'f_2_8_CAR.69' performs emergency braking on lane '1078018164_0' with decel=9.00, wished=4.50, severity=1.00, time=31676.00.
Warning: Vehicle 'f_2_11_CAR.132' performs emergency braking on lane '1078018164_0' with decel=9.00, wished=4.50, severity=1.00, time=42148.00.
Warning: Vehicle 'f_2_12_TAXI.6' performs emergency braking on lane '1078018164_0' with decel=9.00, wished=4.50, severity=1.00, time=46306.00.
Warning: Vehicle 'f_2_13_CAR.37' performs emergency braking on lane '1078018164_0' with decel=9.00, wished=4.50, severity=1.00, time=47538.00.
Warning: Vehicle 'f_2_13_CAR.53' performs emergency braking on lane '1078018164_0' with decel=9.00, wished=4.50, severity=1.00, time=47846.00.
Simulation ended at time: 56016.00
Reason: All vehicles have left the simulation.
Performance: 
 Duration: 277.01s
 Real time factor: 202.214
 UPS: 150529.240399
Vehicles: 
 Inserted: 125347
 Running: 0
 Waiting: 0

-------------------------------------------------------------------------------
['C:\\Program Files (x86)\\Eclipse\\Sumo\\bin\\duarouter', '-c', '007/iteration_007_4-3-test-demand-vianetedit_006.duarcfg']
Success.
-------------------------------------------------------------------------------
['C:\\Program Files (x86)\\Eclipse\\Sumo\\bin\\sumo', '-c', '007/iteration_007.sumocfg']
Loading net-file from 'C:\Users\lendl\Documents\smart_traffic\sumo\25-3-lendl-ver.net.xml' ... done (13ms).
Loading additional-files from '007/../edgedata.add.xml' ... done (1ms).
Loading done.
Simulation version 1.15.0 started with time: 0.00.
Warning: Vehicle 'f_10_1_CAR.24' performs emergency braking on lane ':J2_2_0' with decel=9.00, wished=4.50, severity=1.00, time=4950.00.
Warning: Vehicle 'f_10_3_CAR.74' performs emergency braking on lane ':J2_2_0' with decel=9.00, wished=4.50, severity=1.00, time=13901.00.
Warning: Vehicle 'f_5_4_TRUCK.4' performs emergency braking on lane '1076383725.80_0' with decel=7.00, wished=4.00, severity=1.00, time=16696.00.
Warning: Vehicle 'f_2_8_CAR.69' performs emergency braking on lane '1078018164_0' with decel=9.00, wished=4.50, severity=1.00, time=31676.00.
Warning: Vehicle 'f_2_11_CAR.132' performs emergency braking on lane '1078018164_0' with decel=9.00, wished=4.50, severity=1.00, time=42148.00.
Warning: Vehicle 'f_2_12_TAXI.6' performs emergency braking on lane '1078018164_0' with decel=9.00, wished=4.50, severity=1.00, time=46306.00.
Warning: Vehicle 'f_2_13_CAR.37' performs emergency braking on lane '1078018164_0' with decel=9.00, wished=4.50, severity=1.00, time=47538.00.
Warning: Vehicle 'f_2_13_CAR.53' performs emergency braking on lane '1078018164_0' with decel=9.00, wished=4.50, severity=1.00, time=47846.00.
Simulation ended at time: 56016.00
Reason: All vehicles have left the simulation.
Performance: 
 Duration: 299.31s
 Real time factor: 187.153
 UPS: 139317.978925
Vehicles: 
 Inserted: 125347
 Running: 0
 Waiting: 0

-------------------------------------------------------------------------------
['C:\\Program Files (x86)\\Eclipse\\Sumo\\bin\\duarouter', '-c', '008/iteration_008_4-3-test-demand-vianetedit_007.duarcfg']
Success.
-------------------------------------------------------------------------------
['C:\\Program Files (x86)\\Eclipse\\Sumo\\bin\\sumo', '-c', '008/iteration_008.sumocfg']
Loading net-file from 'C:\Users\lendl\Documents\smart_traffic\sumo\25-3-lendl-ver.net.xml' ... done (12ms).
Loading additional-files from '008/../edgedata.add.xml' ... done (1ms).
Loading done.
Simulation version 1.15.0 started with time: 0.00.
Warning: Vehicle 'f_10_1_CAR.24' performs emergency braking on lane ':J2_2_0' with decel=9.00, wished=4.50, severity=1.00, time=4950.00.
Warning: Vehicle 'f_10_3_CAR.74' performs emergency braking on lane ':J2_2_0' with decel=9.00, wished=4.50, severity=1.00, time=13901.00.
Warning: Vehicle 'f_5_4_TRUCK.4' performs emergency braking on lane '1076383725.80_0' with decel=7.00, wished=4.00, severity=1.00, time=16696.00.
Warning: Vehicle 'f_2_8_CAR.69' performs emergency braking on lane '1078018164_0' with decel=9.00, wished=4.50, severity=1.00, time=31676.00.
Warning: Vehicle 'f_2_11_CAR.132' performs emergency braking on lane '1078018164_0' with decel=9.00, wished=4.50, severity=1.00, time=42148.00.
Warning: Vehicle 'f_2_12_TAXI.6' performs emergency braking on lane '1078018164_0' with decel=9.00, wished=4.50, severity=1.00, time=46306.00.
Warning: Vehicle 'f_2_13_CAR.37' performs emergency braking on lane '1078018164_0' with decel=9.00, wished=4.50, severity=1.00, time=47538.00.
Warning: Vehicle 'f_2_13_CAR.53' performs emergency braking on lane '1078018164_0' with decel=9.00, wished=4.50, severity=1.00, time=47846.00.
Simulation ended at time: 56016.00
Reason: All vehicles have left the simulation.
Performance: 
 Duration: 324.74s
 Real time factor: 172.495
 UPS: 128406.834412
Vehicles: 
 Inserted: 125347
 Running: 0
 Waiting: 0

-------------------------------------------------------------------------------
['C:\\Program Files (x86)\\Eclipse\\Sumo\\bin\\duarouter', '-c', '009/iteration_009_4-3-test-demand-vianetedit_008.duarcfg']
Success.
-------------------------------------------------------------------------------
['C:\\Program Files (x86)\\Eclipse\\Sumo\\bin\\sumo', '-c', '009/iteration_009.sumocfg']
Loading net-file from 'C:\Users\lendl\Documents\smart_traffic\sumo\25-3-lendl-ver.net.xml' ... done (10ms).
Loading additional-files from '009/../edgedata.add.xml' ... done (2ms).
Loading done.
Simulation version 1.15.0 started with time: 0.00.
Warning: Vehicle 'f_10_1_CAR.24' performs emergency braking on lane ':J2_2_0' with decel=9.00, wished=4.50, severity=1.00, time=4950.00.
Warning: Vehicle 'f_10_3_CAR.74' performs emergency braking on lane ':J2_2_0' with decel=9.00, wished=4.50, severity=1.00, time=13901.00.
Warning: Vehicle 'f_5_4_TRUCK.4' performs emergency braking on lane '1076383725.80_0' with decel=7.00, wished=4.00, severity=1.00, time=16696.00.
Warning: Vehicle 'f_2_8_CAR.69' performs emergency braking on lane '1078018164_0' with decel=9.00, wished=4.50, severity=1.00, time=31676.00.
Warning: Vehicle 'f_2_11_CAR.132' performs emergency braking on lane '1078018164_0' with decel=9.00, wished=4.50, severity=1.00, time=42148.00.
Warning: Vehicle 'f_2_12_TAXI.6' performs emergency braking on lane '1078018164_0' with decel=9.00, wished=4.50, severity=1.00, time=46306.00.
Warning: Vehicle 'f_2_13_CAR.37' performs emergency braking on lane '1078018164_0' with decel=9.00, wished=4.50, severity=1.00, time=47538.00.
Warning: Vehicle 'f_2_13_CAR.53' performs emergency braking on lane '1078018164_0' with decel=9.00, wished=4.50, severity=1.00, time=47846.00.
Simulation ended at time: 56016.00
Reason: All vehicles have left the simulation.
Performance: 
 Duration: 320.09s
 Real time factor: 175.001
 UPS: 130272.227412
Vehicles: 
 Inserted: 125347
 Running: 0
 Waiting: 0

-------------------------------------------------------------------------------
['C:\\Program Files (x86)\\Eclipse\\Sumo\\bin\\duarouter', '-c', '010/iteration_010_4-3-test-demand-vianetedit_009.duarcfg']
Success.
-------------------------------------------------------------------------------
['C:\\Program Files (x86)\\Eclipse\\Sumo\\bin\\sumo', '-c', '010/iteration_010.sumocfg']
Loading net-file from 'C:\Users\lendl\Documents\smart_traffic\sumo\25-3-lendl-ver.net.xml' ... done (10ms).
Loading additional-files from '010/../edgedata.add.xml' ... done (0ms).
Loading done.
Simulation version 1.15.0 started with time: 0.00.
Warning: Vehicle 'f_10_1_CAR.24' performs emergency braking on lane ':J2_2_0' with decel=9.00, wished=4.50, severity=1.00, time=4950.00.
Warning: Vehicle 'f_10_3_CAR.74' performs emergency braking on lane ':J2_2_0' with decel=9.00, wished=4.50, severity=1.00, time=13901.00.
Warning: Vehicle 'f_5_4_TRUCK.4' performs emergency braking on lane '1076383725.80_0' with decel=7.00, wished=4.00, severity=1.00, time=16696.00.
Warning: Vehicle 'f_2_8_CAR.69' performs emergency braking on lane '1078018164_0' with decel=9.00, wished=4.50, severity=1.00, time=31676.00.
Warning: Vehicle 'f_2_11_CAR.132' performs emergency braking on lane '1078018164_0' with decel=9.00, wished=4.50, severity=1.00, time=42148.00.
Warning: Vehicle 'f_2_12_TAXI.6' performs emergency braking on lane '1078018164_0' with decel=9.00, wished=4.50, severity=1.00, time=46306.00.
Warning: Vehicle 'f_2_13_CAR.37' performs emergency braking on lane '1078018164_0' with decel=9.00, wished=4.50, severity=1.00, time=47538.00.
Warning: Vehicle 'f_2_13_CAR.53' performs emergency braking on lane '1078018164_0' with decel=9.00, wished=4.50, severity=1.00, time=47846.00.
Simulation ended at time: 56016.00
Reason: All vehicles have left the simulation.
Performance: 
 Duration: 238.86s
 Real time factor: 234.517
 UPS: 174576.030847
Vehicles: 
 Inserted: 125347
 Running: 0
 Waiting: 0

-------------------------------------------------------------------------------
['C:\\Program Files (x86)\\Eclipse\\Sumo\\bin\\duarouter', '-c', '011/iteration_011_4-3-test-demand-vianetedit_010.duarcfg']
Success.
-------------------------------------------------------------------------------
['C:\\Program Files (x86)\\Eclipse\\Sumo\\bin\\sumo', '-c', '011/iteration_011.sumocfg']
Loading net-file from 'C:\Users\lendl\Documents\smart_traffic\sumo\25-3-lendl-ver.net.xml' ... done (9ms).
Loading additional-files from '011/../edgedata.add.xml' ... done (0ms).
Loading done.
Simulation version 1.15.0 started with time: 0.00.
Warning: Vehicle 'f_10_1_CAR.24' performs emergency braking on lane ':J2_2_0' with decel=9.00, wished=4.50, severity=1.00, time=4950.00.
Warning: Vehicle 'f_10_3_CAR.74' performs emergency braking on lane ':J2_2_0' with decel=9.00, wished=4.50, severity=1.00, time=13901.00.
Warning: Vehicle 'f_5_4_TRUCK.4' performs emergency braking on lane '1076383725.80_0' with decel=7.00, wished=4.00, severity=1.00, time=16696.00.
Warning: Vehicle 'f_2_8_CAR.69' performs emergency braking on lane '1078018164_0' with decel=9.00, wished=4.50, severity=1.00, time=31676.00.
Warning: Vehicle 'f_2_11_CAR.132' performs emergency braking on lane '1078018164_0' with decel=9.00, wished=4.50, severity=1.00, time=42148.00.
Warning: Vehicle 'f_2_12_TAXI.6' performs emergency braking on lane '1078018164_0' with decel=9.00, wished=4.50, severity=1.00, time=46306.00.
Warning: Vehicle 'f_2_13_CAR.37' performs emergency braking on lane '1078018164_0' with decel=9.00, wished=4.50, severity=1.00, time=47538.00.
Warning: Vehicle 'f_2_13_CAR.53' performs emergency braking on lane '1078018164_0' with decel=9.00, wished=4.50, severity=1.00, time=47846.00.
Simulation ended at time: 56016.00
Reason: All vehicles have left the simulation.
Performance: 
 Duration: 214.50s
 Real time factor: 261.152
 UPS: 194403.191668
Vehicles: 
 Inserted: 125347
 Running: 0
 Waiting: 0

-------------------------------------------------------------------------------
['C:\\Program Files (x86)\\Eclipse\\Sumo\\bin\\duarouter', '-c', '012/iteration_012_4-3-test-demand-vianetedit_011.duarcfg']
Success.
-------------------------------------------------------------------------------
['C:\\Program Files (x86)\\Eclipse\\Sumo\\bin\\sumo', '-c', '012/iteration_012.sumocfg']
Loading net-file from 'C:\Users\lendl\Documents\smart_traffic\sumo\25-3-lendl-ver.net.xml' ... done (9ms).
Loading additional-files from '012/../edgedata.add.xml' ... done (0ms).
Loading done.
Simulation version 1.15.0 started with time: 0.00.
Warning: Vehicle 'f_10_1_CAR.24' performs emergency braking on lane ':J2_2_0' with decel=9.00, wished=4.50, severity=1.00, time=4950.00.
Warning: Vehicle 'f_10_3_CAR.74' performs emergency braking on lane ':J2_2_0' with decel=9.00, wished=4.50, severity=1.00, time=13901.00.
Warning: Vehicle 'f_5_4_TRUCK.4' performs emergency braking on lane '1076383725.80_0' with decel=7.00, wished=4.00, severity=1.00, time=16696.00.
Warning: Vehicle 'f_2_8_CAR.69' performs emergency braking on lane '1078018164_0' with decel=9.00, wished=4.50, severity=1.00, time=31676.00.
Warning: Vehicle 'f_2_11_CAR.132' performs emergency braking on lane '1078018164_0' with decel=9.00, wished=4.50, severity=1.00, time=42148.00.
Warning: Vehicle 'f_2_12_TAXI.6' performs emergency braking on lane '1078018164_0' with decel=9.00, wished=4.50, severity=1.00, time=46306.00.
Warning: Vehicle 'f_2_13_CAR.37' performs emergency braking on lane '1078018164_0' with decel=9.00, wished=4.50, severity=1.00, time=47538.00.
Warning: Vehicle 'f_2_13_CAR.53' performs emergency braking on lane '1078018164_0' with decel=9.00, wished=4.50, severity=1.00, time=47846.00.
Simulation ended at time: 56016.00
Reason: All vehicles have left the simulation.
Performance: 
 Duration: 214.49s
 Real time factor: 261.164
 UPS: 194412.255345
Vehicles: 
 Inserted: 125347
 Running: 0
 Waiting: 0

-------------------------------------------------------------------------------
['C:\\Program Files (x86)\\Eclipse\\Sumo\\bin\\duarouter', '-c', '013/iteration_013_4-3-test-demand-vianetedit_012.duarcfg']
Success.
-------------------------------------------------------------------------------
['C:\\Program Files (x86)\\Eclipse\\Sumo\\bin\\sumo', '-c', '013/iteration_013.sumocfg']
Loading net-file from 'C:\Users\lendl\Documents\smart_traffic\sumo\25-3-lendl-ver.net.xml' ... done (9ms).
Loading additional-files from '013/../edgedata.add.xml' ... done (1ms).
Loading done.
Simulation version 1.15.0 started with time: 0.00.
Warning: Vehicle 'f_10_1_CAR.24' performs emergency braking on lane ':J2_2_0' with decel=9.00, wished=4.50, severity=1.00, time=4950.00.
Warning: Vehicle 'f_10_3_CAR.74' performs emergency braking on lane ':J2_2_0' with decel=9.00, wished=4.50, severity=1.00, time=13901.00.
Warning: Vehicle 'f_5_4_TRUCK.4' performs emergency braking on lane '1076383725.80_0' with decel=7.00, wished=4.00, severity=1.00, time=16696.00.
Warning: Vehicle 'f_2_8_CAR.69' performs emergency braking on lane '1078018164_0' with decel=9.00, wished=4.50, severity=1.00, time=31676.00.
Warning: Vehicle 'f_2_11_CAR.132' performs emergency braking on lane '1078018164_0' with decel=9.00, wished=4.50, severity=1.00, time=42148.00.
Warning: Vehicle 'f_2_12_TAXI.6' performs emergency braking on lane '1078018164_0' with decel=9.00, wished=4.50, severity=1.00, time=46306.00.
Warning: Vehicle 'f_2_13_CAR.37' performs emergency braking on lane '1078018164_0' with decel=9.00, wished=4.50, severity=1.00, time=47538.00.
Warning: Vehicle 'f_2_13_CAR.53' performs emergency braking on lane '1078018164_0' with decel=9.00, wished=4.50, severity=1.00, time=47846.00.
Simulation ended at time: 56016.00
Reason: All vehicles have left the simulation.
Performance: 
 Duration: 211.70s
 Real time factor: 264.598
 UPS: 196968.885509
Vehicles: 
 Inserted: 125347
 Running: 0
 Waiting: 0

-------------------------------------------------------------------------------
['C:\\Program Files (x86)\\Eclipse\\Sumo\\bin\\duarouter', '-c', '014/iteration_014_4-3-test-demand-vianetedit_013.duarcfg']
Success.
-------------------------------------------------------------------------------
['C:\\Program Files (x86)\\Eclipse\\Sumo\\bin\\sumo', '-c', '014/iteration_014.sumocfg']
Loading net-file from 'C:\Users\lendl\Documents\smart_traffic\sumo\25-3-lendl-ver.net.xml' ... done (10ms).
Loading additional-files from '014/../edgedata.add.xml' ... done (1ms).
Loading done.
Simulation version 1.15.0 started with time: 0.00.
Warning: Vehicle 'f_10_1_CAR.24' performs emergency braking on lane ':J2_2_0' with decel=9.00, wished=4.50, severity=1.00, time=4950.00.
Warning: Vehicle 'f_10_3_CAR.74' performs emergency braking on lane ':J2_2_0' with decel=9.00, wished=4.50, severity=1.00, time=13901.00.
Warning: Vehicle 'f_5_4_TRUCK.4' performs emergency braking on lane '1076383725.80_0' with decel=7.00, wished=4.00, severity=1.00, time=16696.00.
Warning: Vehicle 'f_2_8_CAR.69' performs emergency braking on lane '1078018164_0' with decel=9.00, wished=4.50, severity=1.00, time=31676.00.
Warning: Vehicle 'f_2_11_CAR.132' performs emergency braking on lane '1078018164_0' with decel=9.00, wished=4.50, severity=1.00, time=42148.00.
Warning: Vehicle 'f_2_12_TAXI.6' performs emergency braking on lane '1078018164_0' with decel=9.00, wished=4.50, severity=1.00, time=46306.00.
Warning: Vehicle 'f_2_13_CAR.37' performs emergency braking on lane '1078018164_0' with decel=9.00, wished=4.50, severity=1.00, time=47538.00.
Warning: Vehicle 'f_2_13_CAR.53' performs emergency braking on lane '1078018164_0' with decel=9.00, wished=4.50, severity=1.00, time=47846.00.
Simulation ended at time: 56016.00
Reason: All vehicles have left the simulation.
Performance: 
 Duration: 216.91s
 Real time factor: 258.25
 UPS: 192243.215955
Vehicles: 
 Inserted: 125347
 Running: 0
 Waiting: 0

-------------------------------------------------------------------------------
['C:\\Program Files (x86)\\Eclipse\\Sumo\\bin\\duarouter', '-c', '015/iteration_015_4-3-test-demand-vianetedit_014.duarcfg']
Success.
-------------------------------------------------------------------------------
['C:\\Program Files (x86)\\Eclipse\\Sumo\\bin\\sumo', '-c', '015/iteration_015.sumocfg']
Loading net-file from 'C:\Users\lendl\Documents\smart_traffic\sumo\25-3-lendl-ver.net.xml' ... done (10ms).
Loading additional-files from '015/../edgedata.add.xml' ... done (1ms).
Loading done.
Simulation version 1.15.0 started with time: 0.00.
Warning: Vehicle 'f_10_1_CAR.24' performs emergency braking on lane ':J2_2_0' with decel=9.00, wished=4.50, severity=1.00, time=4950.00.
Warning: Vehicle 'f_10_3_CAR.74' performs emergency braking on lane ':J2_2_0' with decel=9.00, wished=4.50, severity=1.00, time=13901.00.
Warning: Vehicle 'f_5_4_TRUCK.4' performs emergency braking on lane '1076383725.80_0' with decel=7.00, wished=4.00, severity=1.00, time=16696.00.
Warning: Vehicle 'f_2_8_CAR.69' performs emergency braking on lane '1078018164_0' with decel=9.00, wished=4.50, severity=1.00, time=31676.00.
Warning: Vehicle 'f_2_11_CAR.132' performs emergency braking on lane '1078018164_0' with decel=9.00, wished=4.50, severity=1.00, time=42148.00.
Warning: Vehicle 'f_2_12_TAXI.6' performs emergency braking on lane '1078018164_0' with decel=9.00, wished=4.50, severity=1.00, time=46306.00.
Warning: Vehicle 'f_2_13_CAR.37' performs emergency braking on lane '1078018164_0' with decel=9.00, wished=4.50, severity=1.00, time=47538.00.
Warning: Vehicle 'f_2_13_CAR.53' performs emergency braking on lane '1078018164_0' with decel=9.00, wished=4.50, severity=1.00, time=47846.00.
Simulation ended at time: 56016.00
Reason: All vehicles have left the simulation.
Performance: 
 Duration: 216.11s
 Real time factor: 259.206
 UPS: 192954.878624
Vehicles: 
 Inserted: 125347
 Running: 0
 Waiting: 0

-------------------------------------------------------------------------------
['C:\\Program Files (x86)\\Eclipse\\Sumo\\bin\\duarouter', '-c', '016/iteration_016_4-3-test-demand-vianetedit_015.duarcfg']
Success.
-------------------------------------------------------------------------------
['C:\\Program Files (x86)\\Eclipse\\Sumo\\bin\\sumo', '-c', '016/iteration_016.sumocfg']
Loading net-file from 'C:\Users\lendl\Documents\smart_traffic\sumo\25-3-lendl-ver.net.xml' ... done (9ms).
Loading additional-files from '016/../edgedata.add.xml' ... done (1ms).
Loading done.
Simulation version 1.15.0 started with time: 0.00.
Warning: Vehicle 'f_10_1_CAR.24' performs emergency braking on lane ':J2_2_0' with decel=9.00, wished=4.50, severity=1.00, time=4950.00.
Warning: Vehicle 'f_10_3_CAR.74' performs emergency braking on lane ':J2_2_0' with decel=9.00, wished=4.50, severity=1.00, time=13901.00.
Warning: Vehicle 'f_5_4_TRUCK.4' performs emergency braking on lane '1076383725.80_0' with decel=7.00, wished=4.00, severity=1.00, time=16696.00.
Warning: Vehicle 'f_2_8_CAR.69' performs emergency braking on lane '1078018164_0' with decel=9.00, wished=4.50, severity=1.00, time=31676.00.
Warning: Vehicle 'f_2_11_CAR.132' performs emergency braking on lane '1078018164_0' with decel=9.00, wished=4.50, severity=1.00, time=42148.00.
Warning: Vehicle 'f_2_12_TAXI.6' performs emergency braking on lane '1078018164_0' with decel=9.00, wished=4.50, severity=1.00, time=46306.00.
Warning: Vehicle 'f_2_13_CAR.37' performs emergency braking on lane '1078018164_0' with decel=9.00, wished=4.50, severity=1.00, time=47538.00.
Warning: Vehicle 'f_2_13_CAR.53' performs emergency braking on lane '1078018164_0' with decel=9.00, wished=4.50, severity=1.00, time=47846.00.
Simulation ended at time: 56016.00
Reason: All vehicles have left the simulation.
Performance: 
 Duration: 212.48s
 Real time factor: 263.633
 UPS: 196250.450637
Vehicles: 
 Inserted: 125347
 Running: 0
 Waiting: 0

-------------------------------------------------------------------------------
['C:\\Program Files (x86)\\Eclipse\\Sumo\\bin\\duarouter', '-c', '017/iteration_017_4-3-test-demand-vianetedit_016.duarcfg']
Success.
-------------------------------------------------------------------------------
['C:\\Program Files (x86)\\Eclipse\\Sumo\\bin\\sumo', '-c', '017/iteration_017.sumocfg']
Loading net-file from 'C:\Users\lendl\Documents\smart_traffic\sumo\25-3-lendl-ver.net.xml' ... done (9ms).
Loading additional-files from '017/../edgedata.add.xml' ... done (1ms).
Loading done.
Simulation version 1.15.0 started with time: 0.00.
Warning: Vehicle 'f_10_1_CAR.24' performs emergency braking on lane ':J2_2_0' with decel=9.00, wished=4.50, severity=1.00, time=4950.00.
Warning: Vehicle 'f_10_3_CAR.74' performs emergency braking on lane ':J2_2_0' with decel=9.00, wished=4.50, severity=1.00, time=13901.00.
Warning: Vehicle 'f_5_4_TRUCK.4' performs emergency braking on lane '1076383725.80_0' with decel=7.00, wished=4.00, severity=1.00, time=16696.00.
Warning: Vehicle 'f_2_8_CAR.69' performs emergency braking on lane '1078018164_0' with decel=9.00, wished=4.50, severity=1.00, time=31676.00.
Warning: Vehicle 'f_2_11_CAR.132' performs emergency braking on lane '1078018164_0' with decel=9.00, wished=4.50, severity=1.00, time=42148.00.
Warning: Vehicle 'f_2_12_TAXI.6' performs emergency braking on lane '1078018164_0' with decel=9.00, wished=4.50, severity=1.00, time=46306.00.
Warning: Vehicle 'f_2_13_CAR.37' performs emergency braking on lane '1078018164_0' with decel=9.00, wished=4.50, severity=1.00, time=47538.00.
Warning: Vehicle 'f_2_13_CAR.53' performs emergency braking on lane '1078018164_0' with decel=9.00, wished=4.50, severity=1.00, time=47846.00.
Simulation ended at time: 56016.00
Reason: All vehicles have left the simulation.
Performance: 
 Duration: 216.96s
 Real time factor: 258.191
 UPS: 192198.911300
Vehicles: 
 Inserted: 125347
 Running: 0
 Waiting: 0

-------------------------------------------------------------------------------
['C:\\Program Files (x86)\\Eclipse\\Sumo\\bin\\duarouter', '-c', '018/iteration_018_4-3-test-demand-vianetedit_017.duarcfg']
Success.
-------------------------------------------------------------------------------
['C:\\Program Files (x86)\\Eclipse\\Sumo\\bin\\sumo', '-c', '018/iteration_018.sumocfg']
Loading net-file from 'C:\Users\lendl\Documents\smart_traffic\sumo\25-3-lendl-ver.net.xml' ... done (9ms).
Loading additional-files from '018/../edgedata.add.xml' ... done (1ms).
Loading done.
Simulation version 1.15.0 started with time: 0.00.
Warning: Vehicle 'f_10_1_CAR.24' performs emergency braking on lane ':J2_2_0' with decel=9.00, wished=4.50, severity=1.00, time=4950.00.
Warning: Vehicle 'f_10_3_CAR.74' performs emergency braking on lane ':J2_2_0' with decel=9.00, wished=4.50, severity=1.00, time=13901.00.
Warning: Vehicle 'f_5_4_TRUCK.4' performs emergency braking on lane '1076383725.80_0' with decel=7.00, wished=4.00, severity=1.00, time=16696.00.
Warning: Vehicle 'f_2_8_CAR.69' performs emergency braking on lane '1078018164_0' with decel=9.00, wished=4.50, severity=1.00, time=31676.00.
Warning: Vehicle 'f_2_11_CAR.132' performs emergency braking on lane '1078018164_0' with decel=9.00, wished=4.50, severity=1.00, time=42148.00.
Warning: Vehicle 'f_2_12_TAXI.6' performs emergency braking on lane '1078018164_0' with decel=9.00, wished=4.50, severity=1.00, time=46306.00.
Warning: Vehicle 'f_2_13_CAR.37' performs emergency braking on lane '1078018164_0' with decel=9.00, wished=4.50, severity=1.00, time=47538.00.
Warning: Vehicle 'f_2_13_CAR.53' performs emergency braking on lane '1078018164_0' with decel=9.00, wished=4.50, severity=1.00, time=47846.00.
Simulation ended at time: 56016.00
Reason: All vehicles have left the simulation.
Performance: 
 Duration: 218.67s
 Real time factor: 256.166
 UPS: 190691.527454
Vehicles: 
 Inserted: 125347
 Running: 0
 Waiting: 0

-------------------------------------------------------------------------------
['C:\\Program Files (x86)\\Eclipse\\Sumo\\bin\\duarouter', '-c', '019/iteration_019_4-3-test-demand-vianetedit_018.duarcfg']
Success.
-------------------------------------------------------------------------------
['C:\\Program Files (x86)\\Eclipse\\Sumo\\bin\\sumo', '-c', '019/iteration_019.sumocfg']
Loading net-file from 'C:\Users\lendl\Documents\smart_traffic\sumo\25-3-lendl-ver.net.xml' ... done (10ms).
Loading additional-files from '019/../edgedata.add.xml' ... done (1ms).
Loading done.
Simulation version 1.15.0 started with time: 0.00.
Warning: Vehicle 'f_10_1_CAR.24' performs emergency braking on lane ':J2_2_0' with decel=9.00, wished=4.50, severity=1.00, time=4950.00.
Interrupt signal received, trying to exit gracefully.
Simulation ended at time: 4978.50
Reason: Interrupted.
Performance: 
 Duration: 9.22s
 Real time factor: 540.143
 UPS: 273340.349354
Vehicles: 
 Inserted: 12457 (Loaded: 12595)
 Running: 353
 Waiting: 59

