Loading net-file from 'C:\Users\lendl\Documents\smart_traffic\sumo\25-3-lendl-ver.net.xml' ... done (11ms).
Loading additional-files from '000/../edgedata.add.xml' ... done (2ms).
Loading done.
Simulation version 1.15.0 started with time: 0.00.
Warning: Vehicle 'f_1_0_CAR.74' performs emergency braking on lane 'E3_0' with decel=9.00, wished=4.50, severity=1.00, time=617.34.
Warning: Vehicle 'f_1_0_CAR.159' performs emergency braking on lane 'E3_0' with decel=9.00, wished=4.50, severity=1.00, time=1330.36.
Warning: Vehicle 'f_1_0_CAR.184' performs emergency braking on lane 'E3_0' with decel=9.00, wished=4.50, severity=1.00, time=1507.92.
Warning: Vehicle 'f_10_0_CAR.34' performs emergency braking on lane ':J2_2_0' with decel=9.00, wished=4.50, severity=1.00, time=1887.14.
Warning: Vehicle 'f_1_0_CAR.274' performs emergency braking on lane 'E3_0' with decel=9.00, wished=4.50, severity=1.00, time=2254.06.
Warning: Vehicle 'f_1_0_TRUCK.5' performs emergency braking on lane 'E3_0' with decel=7.00, wished=4.00, severity=1.00, time=3028.24.
Warning: Vehicle 'f_1_0_CAR.429' performs emergency braking on lane 'E3_0' with decel=9.00, wished=4.50, severity=1.00, time=3493.16.
Warning: Vehicle 'f_1_1_CAR.14' performs emergency braking on lane ':J7_2_0' with decel=9.00, wished=4.50, severity=1.00, time=3710.52.
Warning: Vehicle 'f_1_1_CAR.26' performs emergency braking on lane 'E3_0' with decel=9.00, wished=4.50, severity=1.00, time=3795.96.
Warning: Vehicle 'f_1_1_CAR.236' performs emergency braking on lane 'E3_0' with decel=9.00, wished=4.50, severity=1.00, time=5159.34.
Warning: Vehicle 'f_1_1_CAR.288' performs emergency braking on lane 'E3_0' with decel=9.00, wished=4.50, severity=1.00, time=5504.66.
Warning: Vehicle 'f_1_1_CAR.298' performs emergency braking on lane ':J7_2_0' with decel=9.00, wished=4.50, severity=1.00, time=5554.86.
Warning: Vehicle 'f_1_1_CAR.451' performs emergency braking on lane 'E3_0' with decel=9.00, wished=4.50, severity=1.00, time=6563.94.
Warning: Vehicle 'f_1_1_CAR.464' performs emergency braking on lane ':J7_2_0' with decel=9.00, wished=4.50, severity=1.00, time=6635.56.
Warning: Vehicle 'f_1_2_CAR.3' performs emergency braking on lane ':J7_2_0' with decel=9.00, wished=4.50, severity=1.00, time=7248.52.
Warning: Vehicle 'f_1_2_CAR.172' performs emergency braking on lane 'E3_0' with decel=9.00, wished=4.50, severity=1.00, time=9158.32.
Warning: Vehicle 'f_1_2_CAR.178' performs emergency braking on lane 'E3_0' with decel=9.00, wished=4.50, severity=1.00, time=9226.18.
Warning: Vehicle 'f_1_2_CAR.181' performs emergency braking on lane '780157087#0_1' with decel=9.00, wished=4.50, severity=1.00, time=9254.12.
Warning: Vehicle 'f_1_2_CAR.211' performs emergency braking on lane 'E3_0' with decel=9.00, wished=4.50, severity=1.00, time=9598.66.
Warning: Vehicle 'f_1_2_CAR.213' performs emergency braking on lane 'E3_0' with decel=9.00, wished=4.50, severity=1.00, time=9642.26.
Warning: Vehicle 'f_8_2_CAR.87' performs emergency braking on lane '26296781#1_1' with decel=9.00, wished=4.50, severity=1.00, time=9946.20.
Warning: Vehicle 'f_1_2_CAR.241' performs emergency braking on lane 'E3_0' with decel=9.00, wished=4.50, severity=1.00, time=9948.40.
Warning: Vehicle 'f_1_2_CAR.268' performs emergency braking on lane 'E3_0' with decel=9.00, wished=4.50, severity=1.00, time=10267.00.
Warning: Vehicle 'f_2_2_CAR.93' performs emergency braking on lane '1078018164_0' with decel=9.00, wished=4.50, severity=1.00, time=10379.00.
Warning: Vehicle 'f_1_2_CAR.300' performs emergency braking on lane 'E3_0' with decel=9.00, wished=4.50, severity=1.00, time=10602.20.
Warning: Vehicle 'f_1_3_CAR.23' performs emergency braking on lane '780157087#0_1' with decel=9.00, wished=4.50, severity=1.00, time=11100.50.
Warning: Vehicle 'f_1_3_CAR.121' performs emergency braking on lane '780157087#0_1' with decel=9.00, wished=4.50, severity=1.00, time=12325.78.
Warning: Vehicle 'f_1_3_CAR.146' performs emergency braking on lane ':J7_2_0' with decel=9.00, wished=4.50, severity=1.00, time=12638.60.
Warning: Vehicle 'f_1_3_CAR.160' performs emergency braking on lane 'E3_0' with decel=9.00, wished=4.50, severity=1.00, time=12818.60.
Warning: Vehicle 'f_1_4_CAR.53' performs emergency braking on lane 'E3_0' with decel=9.00, wished=4.50, severity=1.00, time=15076.30.
Warning: Vehicle 'f_1_4_CAR.61' performs emergency braking on lane 'E3_0' with decel=9.00, wished=4.50, severity=1.00, time=15196.16.
Warning: Vehicle 'f_10_4_TAXI.1' performs emergency braking on lane 'E1_0' with decel=9.00, wished=4.50, severity=1.00, time=15637.28.
Warning: Vehicle 'f_1_4_CAR.137' performs emergency braking on lane 'E3_0' with decel=9.00, wished=4.50, severity=1.00, time=16120.28.
Warning: Vehicle 'f_1_4_CAR.142' performs emergency braking on lane '780157087#0_1' with decel=9.00, wished=4.50, severity=1.00, time=16175.10.
Warning: Vehicle 'f_1_4_CAR.223' performs emergency braking on lane 'E3_0' with decel=9.00, wished=4.50, severity=1.00, time=17201.22.
Warning: Vehicle 'f_1_5_CAR.0' performs emergency braking on lane ':J7_2_0' with decel=9.00, wished=4.50, severity=1.00, time=18028.46.
Warning: Vehicle 'f_1_5_CAR.81' performs emergency braking on lane 'E3_0' with decel=9.00, wished=4.50, severity=1.00, time=19038.52.
Warning: Vehicle 'f_2_5_CAR.77' performs emergency braking on lane '1078018164_0' with decel=9.00, wished=4.50, severity=1.00, time=21005.00.
Warning: Vehicle 'f_1_5_CAR.253' performs emergency braking on lane 'E3_0' with decel=9.00, wished=4.50, severity=1.00, time=21204.12.
Warning: Vehicle 'f_1_6_TRUCK.0' performs emergency braking on lane 'E3_0' with decel=7.00, wished=4.00, severity=1.00, time=21632.32.
Warning: Vehicle 'f_1_6_TRUCK.0' performs emergency braking on lane 'E3_0' with decel=7.00, wished=4.00, severity=1.00, time=21659.86.
Warning: Vehicle 'f_1_6_CAR.13' performs emergency braking on lane 'E3_0' with decel=9.00, wished=4.50, severity=1.00, time=21799.92.
Warning: Vehicle 'f_1_6_CAR.189' performs emergency braking on lane 'E3_0' with decel=9.00, wished=4.50, severity=1.00, time=24267.52.
Warning: Vehicle 'f_2_6_CAR.117' performs emergency braking on lane '1078018164_0' with decel=9.00, wished=4.50, severity=1.00, time=24393.00.
Warning: Vehicle 'f_5_7_TAXI.2' performs emergency braking on lane '1076383725.80_0' with decel=9.00, wished=4.50, severity=1.00, time=25936.08.
Warning: Vehicle 'f_1_7_CAR.68' performs emergency braking on lane 'E3_0' with decel=9.00, wished=4.50, severity=1.00, time=26665.34.
Warning: Vehicle 'f_1_8_CAR.35' performs emergency braking on lane 'E3_0' with decel=9.00, wished=4.50, severity=1.00, time=29379.88.
Warning: Vehicle 'f_2_8_CAR.27' performs emergency braking on lane '1078018164_0' with decel=9.00, wished=4.50, severity=1.00, time=29937.00.
Warning: Vehicle 'f_1_8_CAR.113' performs emergency braking on lane '780157087#0_1' with decel=9.00, wished=4.50, severity=1.00, time=30499.88.
Warning: Vehicle 'f_1_9_CAR.3' performs emergency braking on lane ':J7_2_0' with decel=9.00, wished=4.50, severity=1.00, time=32501.84.
Warning: Vehicle 'f_1_9_CAR.4' performs emergency braking on lane '780157087#0_1' with decel=9.00, wished=4.50, severity=1.00, time=32512.60.
Warning: Vehicle 'f_1_9_CAR.9' performs emergency braking on lane ':J7_2_0' with decel=9.00, wished=4.50, severity=1.00, time=32657.64.
Warning: Vehicle 'f_1_9_CAR.10' performs emergency braking on lane ':J7_2_0' with decel=9.00, wished=4.50, severity=1.00, time=32670.92.
Warning: Vehicle 'f_1_9_CAR.11' performs emergency braking on lane '780157087#0_1' with decel=9.00, wished=4.50, severity=1.00, time=32680.92.
Warning: Vehicle 'f_1_9_CAR.16' performs emergency braking on lane ':J7_2_0' with decel=9.00, wished=4.50, severity=1.00, time=32817.74.
Warning: Vehicle 'f_1_9_CAR.17' performs emergency braking on lane ':J7_2_0' with decel=9.00, wished=4.50, severity=1.00, time=32832.00.
Warning: Vehicle 'f_1_9_TRUCK.2' performs emergency braking on lane ':J7_2_0' with decel=7.00, wished=4.00, severity=1.00, time=32968.04.
Warning: Vehicle 'f_1_9_CAR.23' performs emergency braking on lane ':J7_2_0' with decel=9.00, wished=4.50, severity=1.00, time=32974.94.
Warning: Vehicle 'f_1_9_CAR.24' performs emergency braking on lane ':J7_2_0' with decel=9.00, wished=4.50, severity=1.00, time=32985.16.
Warning: Vehicle 'f_1_9_CAR.25' performs emergency braking on lane '780157087#0_1' with decel=9.00, wished=4.50, severity=1.00, time=32991.82.
Warning: Vehicle 'f_1_9_CAR.29' performs emergency braking on lane ':J7_2_0' with decel=9.00, wished=4.50, severity=1.00, time=33119.44.
Warning: Vehicle 'f_1_9_CAR.30' performs emergency braking on lane '780157087#0_1' with decel=9.00, wished=4.50, severity=1.00, time=33128.76.
Warning: Vehicle 'f_1_9_CAR.31' performs emergency braking on lane '780157087#0_1' with decel=9.00, wished=4.50, severity=1.00, time=33137.20.
Warning: Vehicle 'f_1_9_CAR.36' performs emergency braking on lane ':J7_2_0' with decel=9.00, wished=4.50, severity=1.00, time=33276.88.
Warning: Vehicle 'f_1_9_CAR.37' performs emergency braking on lane ':J7_2_0' with decel=9.00, wished=4.50, severity=1.00, time=33291.06.
Warning: Vehicle 'f_1_9_CAR.38' performs emergency braking on lane '780157087#0_1' with decel=9.00, wished=4.50, severity=1.00, time=33298.52.
Warning: Vehicle 'f_1_9_CAR.39' performs emergency braking on lane ':J7_2_0' with decel=9.00, wished=4.50, severity=1.00, time=33306.02.
Warning: Vehicle 'f_1_9_TAXI.3' performs emergency braking on lane ':J7_2_0' with decel=9.00, wished=4.50, severity=1.00, time=33314.82.
Warning: Vehicle 'f_1_9_CAR.43' performs emergency braking on lane '780157087#0_1' with decel=9.00, wished=4.50, severity=1.00, time=33435.18.
Warning: Vehicle 'f_1_9_CAR.44' performs emergency braking on lane '780157087#0_1' with decel=9.00, wished=4.50, severity=1.00, time=33442.40.
Warning: Vehicle 'f_1_9_CAR.45' performs emergency braking on lane ':J7_2_0' with decel=9.00, wished=4.50, severity=1.00, time=33456.80.
Warning: Vehicle 'f_1_9_CAR.45' performs emergency braking on lane ':J7_2_0' with decel=9.00, wished=4.50, severity=1.00, time=33457.80.
Warning: Vehicle 'f_1_9_CAR.50' performs emergency braking on lane ':J7_2_0' with decel=9.00, wished=4.50, severity=1.00, time=33586.22.
Warning: Vehicle 'f_1_9_CAR.51' performs emergency braking on lane '780157087#0_1' with decel=9.00, wished=4.50, severity=1.00, time=33595.04.
Warning: Vehicle 'f_1_9_CAR.56' performs emergency braking on lane ':J7_2_0' with decel=9.00, wished=4.50, severity=1.00, time=33734.60.
Warning: Vehicle 'f_1_9_CAR.57' performs emergency braking on lane '780157087#0_1' with decel=9.00, wished=4.50, severity=1.00, time=33747.72.
Warning: Vehicle 'f_1_9_CAR.58' performs emergency braking on lane '780157087#0_1' with decel=9.00, wished=4.50, severity=1.00, time=33755.34.
Warning: Vehicle 'f_1_9_CAR.63' performs emergency braking on lane ':J7_2_0' with decel=9.00, wished=4.50, severity=1.00, time=33891.50.
Warning: Vehicle 'f_1_9_CAR.64' performs emergency braking on lane '780157087#0_1' with decel=9.00, wished=4.50, severity=1.00, time=33900.78.
Warning: Vehicle 'f_1_9_CAR.65' performs emergency braking on lane '780157087#0_1' with decel=9.00, wished=4.50, severity=1.00, time=33908.04.
Warning: Vehicle 'f_1_9_CAR.70' performs emergency braking on lane ':J7_2_0' with decel=9.00, wished=4.50, severity=1.00, time=34047.76.
Warning: Vehicle 'f_1_9_CAR.71' performs emergency braking on lane '780157087#0_1' with decel=9.00, wished=4.50, severity=1.00, time=34062.32.
Warning: Vehicle 'f_1_9_CAR.72' performs emergency braking on lane ':J7_2_0' with decel=9.00, wished=4.50, severity=1.00, time=34083.46.
Warning: Vehicle 'f_1_9_CAR.79' performs emergency braking on lane ':J7_2_0' with decel=9.00, wished=4.50, severity=1.00, time=34237.50.
Warning: Vehicle 'f_1_9_CAR.84' performs emergency braking on lane ':J7_2_0' with decel=9.00, wished=4.50, severity=1.00, time=34364.38.
Warning: Vehicle 'f_1_9_CAR.85' performs emergency braking on lane '780157087#0_1' with decel=9.00, wished=4.50, severity=1.00, time=34372.70.
Warning: Vehicle 'f_1_9_CAR.86' performs emergency braking on lane '780157087#0_1' with decel=9.00, wished=4.50, severity=1.00, time=34378.64.
Warning: Vehicle 'f_1_9_TRUCK.8' performs emergency braking on lane '780157087#0_1' with decel=7.00, wished=4.00, severity=1.00, time=34517.48.
Warning: Vehicle 'f_1_9_CAR.92' performs emergency braking on lane '780157087#0_1' with decel=9.00, wished=4.50, severity=1.00, time=34528.70.
Warning: Vehicle 'f_1_9_TAXI.7' performs emergency braking on lane '780157087#0_1' with decel=9.00, wished=4.50, severity=1.00, time=34537.20.
Warning: Vehicle 'f_2_9_TRUCK.8' performs emergency braking on lane '1078018164_0' with decel=7.00, wished=4.00, severity=1.00, time=34557.00.
Warning: Vehicle 'f_1_9_CAR.97' performs emergency braking on lane ':J7_2_0' with decel=9.00, wished=4.50, severity=1.00, time=34662.66.
Warning: Vehicle 'f_1_9_CAR.98' performs emergency braking on lane ':J7_2_0' with decel=9.00, wished=4.50, severity=1.00, time=34671.68.
Warning: Vehicle 'f_1_9_CAR.99' performs emergency braking on lane '780157087#0_1' with decel=9.00, wished=4.50, severity=1.00, time=34689.76.
Warning: Vehicle 'f_1_9_CAR.100' performs emergency braking on lane '780157087#0_1' with decel=9.00, wished=4.50, severity=1.00, time=34696.44.
Warning: Vehicle 'f_1_9_CAR.104' performs emergency braking on lane ':J7_2_0' with decel=9.00, wished=4.50, severity=1.00, time=34815.72.
Warning: Vehicle 'f_1_9_TAXI.8' performs emergency braking on lane '780157087#0_1' with decel=9.00, wished=4.50, severity=1.00, time=34840.78.
Warning: Vehicle 'f_1_9_CAR.111' performs emergency braking on lane ':J7_2_0' with decel=9.00, wished=4.50, severity=1.00, time=34970.84.
Warning: Vehicle 'f_1_9_CAR.112' performs emergency braking on lane '780157087#0_1' with decel=9.00, wished=4.50, severity=1.00, time=34988.62.
Warning: Vehicle 'f_1_9_CAR.112' performs emergency braking on lane ':J7_2_0' with decel=9.00, wished=4.50, severity=1.00, time=34989.50.
Warning: Vehicle 'f_1_9_CAR.113' performs emergency braking on lane '780157087#0_1' with decel=9.00, wished=4.50, severity=1.00, time=34995.52.
Warning: Vehicle 'f_1_9_CAR.114' performs emergency braking on lane ':J7_2_0' with decel=9.00, wished=4.50, severity=1.00, time=35002.78.
Warning: Vehicle 'f_1_9_CAR.118' performs emergency braking on lane ':J7_2_0' with decel=9.00, wished=4.50, severity=1.00, time=35125.94.
Warning: Vehicle 'f_1_9_CAR.119' performs emergency braking on lane ':J7_2_0' with decel=9.00, wished=4.50, severity=1.00, time=35140.40.
Warning: Vehicle 'f_1_9_TAXI.9' performs emergency braking on lane '780157087#0_1' with decel=9.00, wished=4.50, severity=1.00, time=35143.86.
Warning: Vehicle 'f_1_9_CAR.120' performs emergency braking on lane '780157087#0_1' with decel=9.00, wished=4.50, severity=1.00, time=35150.02.
Warning: Vehicle 'f_1_9_CAR.121' performs emergency braking on lane ':J7_2_0' with decel=9.00, wished=4.50, severity=1.00, time=35156.50.
Warning: Vehicle 'f_1_9_TRUCK.11' performs emergency braking on lane '780157087#0_1' with decel=7.00, wished=4.00, severity=1.00, time=35291.40.
Warning: Vehicle 'f_1_9_CAR.126' performs emergency braking on lane '780157087#0_1' with decel=9.00, wished=4.50, severity=1.00, time=35305.68.
Warning: Vehicle 'f_1_9_CAR.127' performs emergency braking on lane ':J7_2_0' with decel=9.00, wished=4.50, severity=1.00, time=35312.72.
Warning: Vehicle 'f_1_9_CAR.132' performs emergency braking on lane ':J7_2_0' with decel=9.00, wished=4.50, severity=1.00, time=35445.18.
Warning: Vehicle 'f_1_9_TAXI.10' performs emergency braking on lane '780157087#0_1' with decel=9.00, wished=4.50, severity=1.00, time=35451.26.
Warning: Vehicle 'f_1_9_CAR.133' performs emergency braking on lane '780157087#0_1' with decel=9.00, wished=4.50, severity=1.00, time=35457.72.
Warning: Vehicle 'f_1_9_CAR.133' performs emergency braking on lane ':J7_2_0' with decel=9.00, wished=4.50, severity=1.00, time=35458.38.
Warning: Vehicle 'f_2_9_CAR.78' performs emergency braking on lane '1078018164_0' with decel=9.00, wished=4.50, severity=1.00, time=35481.00.
Warning: Vehicle 'f_1_9_CAR.138' performs emergency braking on lane ':J7_2_0' with decel=9.00, wished=4.50, severity=1.00, time=35584.90.
Warning: Vehicle 'f_1_9_CAR.139' performs emergency braking on lane '780157087#0_1' with decel=9.00, wished=4.50, severity=1.00, time=35593.42.
Warning: Vehicle 'f_2_9_CAR.81' performs emergency braking on lane '1078018164_0' with decel=9.00, wished=4.50, severity=1.00, time=35635.00.
Warning: Vehicle 'f_1_9_CAR.145' performs emergency braking on lane ':J7_2_0' with decel=9.00, wished=4.50, severity=1.00, time=35742.02.
Warning: Vehicle 'f_1_9_TAXI.11' performs emergency braking on lane ':J7_2_0' with decel=9.00, wished=4.50, severity=1.00, time=35762.68.
Warning: Vehicle 'f_1_9_CAR.147' performs emergency braking on lane '780157087#0_1' with decel=9.00, wished=4.50, severity=1.00, time=35774.34.
Warning: Vehicle 'f_1_9_CAR.151' performs emergency braking on lane ':J7_2_0' with decel=9.00, wished=4.50, severity=1.00, time=35889.74.
Warning: Vehicle 'f_1_9_CAR.152' performs emergency braking on lane ':J7_2_0' with decel=9.00, wished=4.50, severity=1.00, time=35900.70.
Warning: Vehicle 'f_1_10_BUS.0' performs emergency braking on lane '780157087#0_1' with decel=7.00, wished=4.00, severity=1.00, time=36073.42.
Warning: Vehicle 'f_1_10_CAR.121' performs emergency braking on lane 'E3_0' with decel=9.00, wished=4.50, severity=1.00, time=37761.50.
Warning: Vehicle 'f_2_10_CAR.59' performs emergency braking on lane '1078018164_0' with decel=9.00, wished=4.50, severity=1.00, time=37791.00.
Warning: Vehicle 'f_1_10_CAR.125' performs emergency braking on lane 'E3_0' with decel=9.00, wished=4.50, severity=1.00, time=37858.94.
Warning: Vehicle 'f_1_10_CAR.137' performs emergency braking on lane 'E3_0' with decel=9.00, wished=4.50, severity=1.00, time=38014.98.
Warning: Vehicle 'f_1_10_CAR.157' performs emergency braking on lane 'E3_0' with decel=9.00, wished=4.50, severity=1.00, time=38306.66.
Warning: Vehicle 'f_9_10_CAR.163' performs emergency braking on lane '703023054_0' with decel=9.00, wished=4.50, severity=1.00, time=38430.86.
Warning: Vehicle 'f_1_11_TAXI.3' performs emergency braking on lane '780157087#0_1' with decel=9.00, wished=4.50, severity=1.00, time=40814.60.
Warning: Vehicle 'f_9_11_BUS.2' performs emergency braking on lane '703023054_0' with decel=7.00, wished=4.00, severity=1.00, time=42279.30.
Warning: Vehicle 'f_10_11_CAR.26' performs emergency braking on lane ':J2_2_0' with decel=9.00, wished=4.50, severity=1.00, time=42704.48.
Warning: Vehicle 'f_2_11_CAR.186' performs emergency braking on lane '1078018164_0' with decel=9.00, wished=4.50, severity=1.00, time=43181.00.
Warning: Vehicle 'f_1_12_CAR.3' performs emergency braking on lane 'E3_0' with decel=9.00, wished=4.50, severity=1.00, time=43262.96.
Warning: Vehicle 'f_2_12_CAR.5' performs emergency braking on lane '1078018164_0' with decel=9.00, wished=4.50, severity=1.00, time=43335.00.
Warning: Vehicle 'f_1_12_CAR.27' performs emergency braking on lane 'E3_0' with decel=9.00, wished=4.50, severity=1.00, time=43625.20.
Warning: Vehicle 'f_1_12_CAR.44' performs emergency braking on lane 'E3_0' with decel=9.00, wished=4.50, severity=1.00, time=43889.32.
Warning: Vehicle 'f_1_12_CAR.88' performs emergency braking on lane 'E3_0' with decel=9.00, wished=4.50, severity=1.00, time=44538.58.
Warning: Vehicle 'f_1_12_CAR.143' performs emergency braking on lane 'E3_0' with decel=9.00, wished=4.50, severity=1.00, time=45378.92.
Warning: Vehicle 'f_2_12_CAR.105' performs emergency braking on lane '1078018164_0' with decel=9.00, wished=4.50, severity=1.00, time=45645.00.
Warning: Vehicle 'f_5_12_TAXI.20' performs emergency braking on lane '1076383725.80_0' with decel=9.00, wished=4.50, severity=1.00, time=45648.00.
Warning: Teleporting vehicle 'f_6_12_MOTORCYCLE.1230'; collision with vehicle 'f_7_12_MOTORCYCLE.1418', lane='1078018160_2', gap=-1.70, time=46360.48 stage=move.
Warning: Vehicle 'f_6_12_MOTORCYCLE.1230' ends teleporting on edge '430789454#0', time=46361.02.
Warning: Vehicle 'f_1_13_CAR.14' performs emergency braking on lane 'E3_0' with decel=9.00, wished=4.50, severity=1.00, time=47112.90.
Warning: Vehicle 'f_1_13_CAR.51' performs emergency braking on lane 'E3_0' with decel=9.00, wished=4.50, severity=1.00, time=47897.44.
Warning: Vehicle 'f_6_13_CAR.156' performs emergency braking on lane ':cluster9883633497_cluster_25353129_33471551_cluster_26272655_288063291_29500569_5064338396_#2more_1_1' with decel=9.00, wished=4.50, severity=1.00, time=47901.08.
Warning: Teleporting vehicle 'f_6_13_CAR.156'; collision with vehicle 'f_7_13_CAR.140', lane='1078018160_3', gap=-0.03, time=47902.06 stage=move.
Warning: Vehicle 'f_6_13_CAR.156' ends teleporting on edge '430789454#0', time=47902.06.
Warning: Vehicle 'f_1_13_CAR.69' performs emergency braking on lane 'E3_0' with decel=9.00, wished=4.50, severity=1.00, time=48280.56.
Warning: Vehicle 'f_2_13_TRUCK.7' performs emergency braking on lane '1078018164_0' with decel=7.00, wished=4.00, severity=1.00, time=49341.00.
Warning: Teleporting vehicle 'f_6_13_MOTORCYCLE.875'; collision with vehicle 'f_7_13_MOTORCYCLE.1133', lane='1078018160_3', gap=-0.59, time=49593.90 stage=move.
Warning: Vehicle 'f_6_13_MOTORCYCLE.875' ends teleporting on edge '430789454#0', time=49594.62.
Simulation ended at time: 50828.42
Reason: All vehicles have left the simulation.
Performance: 
 Duration: 2392.61s
 Real time factor: 21.2439
 UPS: 288450.120433
Vehicles: 
 Inserted: 120272 (Loaded: 125347)
 Running: 0
 Waiting: 0
Teleports: 3 (Collisions: 3)

