-------------------------------------------------------------------------------
['C:\\Program Files (x86)\\Eclipse\\Sumo\\bin\\duarouter', '-c', '000/iteration_000_4-3-test-demand-vianetedit.duarcfg']
Success.
-------------------------------------------------------------------------------
['C:\\Program Files (x86)\\Eclipse\\Sumo\\bin\\sumo', '-c', '000/iteration_000.sumocfg']
Loading net-file from 'C:\Users\lendl\Documents\smart_traffic\sumo\25-3-lendl-ver.net.xml' ... done (13ms).
Loading additional-files from '000/../edgedata.add.xml' ... done (7ms).
Loading done.
Simulation version 1.15.0 started with time: 0.00.
Warning: Vehicle 'f_10_2_CAR.31' performs emergency braking on lane ':J2_2_0' with decel=9.00, wished=4.50, severity=1.00, time=8834.50.
Warning: Vehicle 'f_10_3_CAR.62' performs emergency braking on lane ':J2_2_0' with decel=9.00, wished=4.50, severity=1.00, time=13268.00.
Warning: Vehicle 'f_10_4_CAR.57' performs emergency braking on lane ':J2_2_0' with decel=9.00, wished=4.50, severity=1.00, time=16549.50.
Warning: Vehicle 'f_5_9_TRUCK.0' performs emergency braking on lane '1076383725.80_0' with decel=7.00, wished=4.00, severity=1.00, time=32558.00.
Warning: Vehicle 'f_5_9_TRUCK.0' performs emergency braking on lane ':cluster9883633497_cluster_25353129_33471551_cluster_26272655_288063291_29500569_5064338396_#2more_0_0' with decel=7.00, wished=4.00, severity=1.00, time=32560.50.
Warning: Vehicle 'f_2_11_CAR.132' performs emergency braking on lane '1078018164_0' with decel=9.00, wished=4.50, severity=1.00, time=42148.00.
Warning: Vehicle 'f_2_12_TAXI.6' performs emergency braking on lane '1078018164_0' with decel=9.00, wished=4.50, severity=1.00, time=46306.00.
Warning: Vehicle 'f_2_13_CAR.37' performs emergency braking on lane '1078018164_0' with decel=9.00, wished=4.50, severity=1.00, time=47538.00.
Warning: Vehicle 'f_2_13_CAR.53' performs emergency braking on lane '1078018164_0' with decel=9.00, wished=4.50, severity=1.00, time=47846.00.
Simulation ended at time: 74868.50
Reason: All vehicles have left the simulation.
Performance: 
 Duration: 1022.94s
 Real time factor: 73.1899
 UPS: 55792.798174
Vehicles: 
 Inserted: 124509
 Running: 0
 Waiting: 0

-------------------------------------------------------------------------------
['C:\\Program Files (x86)\\Eclipse\\Sumo\\bin\\duarouter', '-c', '001/iteration_001_4-3-test-demand-vianetedit_000.duarcfg']
Success.
-------------------------------------------------------------------------------
['C:\\Program Files (x86)\\Eclipse\\Sumo\\bin\\sumo', '-c', '001/iteration_001.sumocfg']
Loading net-file from 'C:\Users\lendl\Documents\smart_traffic\sumo\25-3-lendl-ver.net.xml' ... done (15ms).
Loading additional-files from '001/../edgedata.add.xml' ... done (1ms).
Loading done.
Simulation version 1.15.0 started with time: 0.00.
Warning: Vehicle 'f_10_2_CAR.31' performs emergency braking on lane ':J2_2_0' with decel=9.00, wished=4.50, severity=1.00, time=8834.50.
Warning: Vehicle 'f_10_3_CAR.62' performs emergency braking on lane ':J2_2_0' with decel=9.00, wished=4.50, severity=1.00, time=13268.00.
Warning: Vehicle 'f_10_4_CAR.57' performs emergency braking on lane ':J2_2_0' with decel=9.00, wished=4.50, severity=1.00, time=16549.50.
Warning: Vehicle 'f_5_9_TRUCK.0' performs emergency braking on lane '1076383725.80_0' with decel=7.00, wished=4.00, severity=1.00, time=32558.00.
Warning: Vehicle 'f_5_9_TRUCK.0' performs emergency braking on lane ':cluster9883633497_cluster_25353129_33471551_cluster_26272655_288063291_29500569_5064338396_#2more_0_0' with decel=7.00, wished=4.00, severity=1.00, time=32560.50.
Warning: Vehicle 'f_2_11_CAR.132' performs emergency braking on lane '1078018164_0' with decel=9.00, wished=4.50, severity=1.00, time=42148.00.
Warning: Vehicle 'f_2_12_TAXI.6' performs emergency braking on lane '1078018164_0' with decel=9.00, wished=4.50, severity=1.00, time=46306.00.
Warning: Vehicle 'f_2_13_CAR.37' performs emergency braking on lane '1078018164_0' with decel=9.00, wished=4.50, severity=1.00, time=47538.00.
Warning: Vehicle 'f_2_13_CAR.53' performs emergency braking on lane '1078018164_0' with decel=9.00, wished=4.50, severity=1.00, time=47846.00.
Simulation ended at time: 74868.50
Reason: All vehicles have left the simulation.
Performance: 
 Duration: 1030.56s
 Real time factor: 72.6487
 UPS: 55380.262092
Vehicles: 
 Inserted: 124509
 Running: 0
 Waiting: 0

-------------------------------------------------------------------------------
['C:\\Program Files (x86)\\Eclipse\\Sumo\\bin\\duarouter', '-c', '002/iteration_002_4-3-test-demand-vianetedit_001.duarcfg']
Success.
-------------------------------------------------------------------------------
['C:\\Program Files (x86)\\Eclipse\\Sumo\\bin\\sumo', '-c', '002/iteration_002.sumocfg']
Loading net-file from 'C:\Users\lendl\Documents\smart_traffic\sumo\25-3-lendl-ver.net.xml' ... done (15ms).
Loading additional-files from '002/../edgedata.add.xml' ... done (1ms).
Loading done.
Simulation version 1.15.0 started with time: 0.00.
Warning: Vehicle 'f_10_2_CAR.31' performs emergency braking on lane ':J2_2_0' with decel=9.00, wished=4.50, severity=1.00, time=8834.50.
Warning: Vehicle 'f_10_3_CAR.62' performs emergency braking on lane ':J2_2_0' with decel=9.00, wished=4.50, severity=1.00, time=13268.00.
Warning: Vehicle 'f_10_4_CAR.57' performs emergency braking on lane ':J2_2_0' with decel=9.00, wished=4.50, severity=1.00, time=16549.50.
Warning: Vehicle 'f_5_9_TRUCK.0' performs emergency braking on lane '1076383725.80_0' with decel=7.00, wished=4.00, severity=1.00, time=32558.00.
Warning: Vehicle 'f_5_9_TRUCK.0' performs emergency braking on lane ':cluster9883633497_cluster_25353129_33471551_cluster_26272655_288063291_29500569_5064338396_#2more_0_0' with decel=7.00, wished=4.00, severity=1.00, time=32560.50.
Warning: Vehicle 'f_2_11_CAR.132' performs emergency braking on lane '1078018164_0' with decel=9.00, wished=4.50, severity=1.00, time=42148.00.
Warning: Vehicle 'f_2_12_TAXI.6' performs emergency braking on lane '1078018164_0' with decel=9.00, wished=4.50, severity=1.00, time=46306.00.
Warning: Vehicle 'f_2_13_CAR.37' performs emergency braking on lane '1078018164_0' with decel=9.00, wished=4.50, severity=1.00, time=47538.00.
Warning: Vehicle 'f_2_13_CAR.53' performs emergency braking on lane '1078018164_0' with decel=9.00, wished=4.50, severity=1.00, time=47846.00.
Simulation ended at time: 74868.50
Reason: All vehicles have left the simulation.
Performance: 
 Duration: 964.66s
 Real time factor: 77.6114
 UPS: 59163.296046
Vehicles: 
 Inserted: 124509
 Running: 0
 Waiting: 0

-------------------------------------------------------------------------------
['C:\\Program Files (x86)\\Eclipse\\Sumo\\bin\\duarouter', '-c', '003/iteration_003_4-3-test-demand-vianetedit_002.duarcfg']
Success.
-------------------------------------------------------------------------------
['C:\\Program Files (x86)\\Eclipse\\Sumo\\bin\\sumo', '-c', '003/iteration_003.sumocfg']
Loading net-file from 'C:\Users\lendl\Documents\smart_traffic\sumo\25-3-lendl-ver.net.xml' ... done (13ms).
Loading additional-files from '003/../edgedata.add.xml' ... done (2ms).
Loading done.
Simulation version 1.15.0 started with time: 0.00.
Warning: Vehicle 'f_10_2_CAR.31' performs emergency braking on lane ':J2_2_0' with decel=9.00, wished=4.50, severity=1.00, time=8834.50.
Warning: Vehicle 'f_10_3_CAR.62' performs emergency braking on lane ':J2_2_0' with decel=9.00, wished=4.50, severity=1.00, time=13268.00.
Warning: Vehicle 'f_10_4_CAR.57' performs emergency braking on lane ':J2_2_0' with decel=9.00, wished=4.50, severity=1.00, time=16549.50.
Warning: Vehicle 'f_5_9_TRUCK.0' performs emergency braking on lane '1076383725.80_0' with decel=7.00, wished=4.00, severity=1.00, time=32558.00.
Warning: Vehicle 'f_5_9_TRUCK.0' performs emergency braking on lane ':cluster9883633497_cluster_25353129_33471551_cluster_26272655_288063291_29500569_5064338396_#2more_0_0' with decel=7.00, wished=4.00, severity=1.00, time=32560.50.
Warning: Vehicle 'f_2_11_CAR.132' performs emergency braking on lane '1078018164_0' with decel=9.00, wished=4.50, severity=1.00, time=42148.00.
Warning: Vehicle 'f_2_12_TAXI.6' performs emergency braking on lane '1078018164_0' with decel=9.00, wished=4.50, severity=1.00, time=46306.00.
Warning: Vehicle 'f_2_13_CAR.37' performs emergency braking on lane '1078018164_0' with decel=9.00, wished=4.50, severity=1.00, time=47538.00.
Warning: Vehicle 'f_2_13_CAR.53' performs emergency braking on lane '1078018164_0' with decel=9.00, wished=4.50, severity=1.00, time=47846.00.
Simulation ended at time: 74868.50
Reason: All vehicles have left the simulation.
Performance: 
 Duration: 877.78s
 Real time factor: 85.2928
 UPS: 65018.883960
Vehicles: 
 Inserted: 124509
 Running: 0
 Waiting: 0

-------------------------------------------------------------------------------
['C:\\Program Files (x86)\\Eclipse\\Sumo\\bin\\duarouter', '-c', '004/iteration_004_4-3-test-demand-vianetedit_003.duarcfg']
Success.
-------------------------------------------------------------------------------
['C:\\Program Files (x86)\\Eclipse\\Sumo\\bin\\sumo', '-c', '004/iteration_004.sumocfg']
Loading net-file from 'C:\Users\lendl\Documents\smart_traffic\sumo\25-3-lendl-ver.net.xml' ... done (10ms).
Loading additional-files from '004/../edgedata.add.xml' ... done (1ms).
Loading done.
Simulation version 1.15.0 started with time: 0.00.
Warning: Vehicle 'f_10_2_CAR.31' performs emergency braking on lane ':J2_2_0' with decel=9.00, wished=4.50, severity=1.00, time=8834.50.
Warning: Vehicle 'f_10_3_CAR.62' performs emergency braking on lane ':J2_2_0' with decel=9.00, wished=4.50, severity=1.00, time=13268.00.
Warning: Vehicle 'f_10_4_CAR.57' performs emergency braking on lane ':J2_2_0' with decel=9.00, wished=4.50, severity=1.00, time=16549.50.
Interrupt signal received, trying to exit gracefully.
Simulation ended at time: 24627.00
Reason: Interrupted.
Performance: 
 Duration: 75.63s
 Real time factor: 325.625
 UPS: 243802.128785
Vehicles: 
 Inserted: 52618 (Loaded: 53886)
 Running: 465
 Waiting: 1211

