Loading net-file from 'C:\Users\lendl\Documents\smart_traffic\sumo\25-3-lendl-ver.net.xml' ... done (10ms).
Loading additional-files from '008/../edgedata.add.xml' ... done (1ms).
Loading done.
Simulation version 1.15.0 started with time: 0.00.
Warning: Vehicle 'f_2_0_TRUCK.3' performs emergency braking on lane '1078018164_0' with decel=7.00, wished=4.00, severity=1.00, time=2724.00.
Warning: Vehicle 'f_2_1_CAR.5' performs emergency braking on lane '1078018164_0' with decel=9.00, wished=4.50, severity=1.00, time=3802.00.
Warning: Vehicle 'f_2_1_CAR.60' performs emergency braking on lane '1078018164_0' with decel=9.00, wished=4.50, severity=1.00, time=5804.00.
Warning: Vehicle 'f_2_5_CAR.8' performs emergency braking on lane '1078018164_0' with decel=9.00, wished=4.50, severity=1.00, time=18432.00.
Warning: Vehicle 'f_2_5_CAR.11' performs emergency braking on lane '1078018164_0' with decel=9.00, wished=4.50, severity=1.00, time=18586.00.
Warning: Vehicle 'f_5_6_TRAILER.0' performs emergency braking on lane '1076383725.80_0' with decel=7.00, wished=4.00, severity=1.00, time=21624.00.
Warning: Vehicle 'f_2_8_CAR.46' performs emergency braking on lane '1078018164_0' with decel=9.00, wished=4.50, severity=1.00, time=31368.00.
Warning: Vehicle 'f_2_11_CAR.99' performs emergency braking on lane '1078018164_0' with decel=9.00, wished=4.50, severity=1.00, time=42148.00.
Simulation ended at time: 52981.00
Reason: Interrupted.
Performance: 
 Duration: 240.33s
 Real time factor: 220.45
 UPS: 155289.983398
Vehicles: 
 Inserted: 116605 (Loaded: 122802)
 Running: 366
 Waiting: 6197

